2025-07-22 01:21:54,103 - __main__ - INFO - 📁 日誌檔案: logs\market_analysis.log
2025-07-22 01:21:54,108 - __main__ - INFO - ✅ 成功載入 config.py
2025-07-22 01:21:54,116 - __main__ - INFO - 📂 已掛載靜態檔案目錄
2025-07-22 01:22:28,254 - __main__ - INFO - 📁 日誌檔案: logs\market_analysis.log
2025-07-22 01:22:28,255 - __main__ - INFO - ✅ 成功載入 config.py
2025-07-22 01:22:28,260 - __main__ - INFO - 📂 已掛載靜態檔案目錄
2025-07-22 01:47:03,102 - __main__ - INFO - 📁 日誌檔案: logs\market_analysis.log
2025-07-22 01:47:03,103 - __main__ - INFO - ✅ 成功載入 config.py
2025-07-22 01:47:03,109 - __main__ - INFO - 📂 已掛載靜態檔案目錄
2025-07-23 12:28:56,692 - __main__ - INFO - 🚀 市場分析系統啟動 - 修正版
2025-07-23 12:28:56,695 - __main__ - INFO - 📡 N8N Webhook: https://beloved-swine-sensibly.ngrok-free.app/webhook/Webhook%20-%20Preview
2025-07-23 12:28:56,697 - __main__ - INFO - 🌐 主網站: http://0.0.0.0:8089
2025-07-23 12:28:56,697 - __main__ - INFO - 📧 郵件頁面: http://0.0.0.0:8089/mail
2025-07-23 12:28:56,697 - __main__ - INFO - 📖 API文檔: http://0.0.0.0:8089/api/docs
2025-07-23 12:28:56,698 - __main__ - INFO - 🔍 測試黃金價格 API...
2025-07-23 12:28:57,239 - __main__ - INFO - ✅ 黃金價格 API 連接正常
2025-07-23 12:29:25,481 - __main__ - INFO - 📤 API 請求 /api/current-data
2025-07-23 12:29:25,482 - __main__ - INFO - 📊 當前儲存數據狀態: 無數據
2025-07-23 12:29:25,482 - __main__ - INFO - ✅ 回傳數據: 0 個欄位
2025-07-23 12:29:25,486 - __main__ - INFO - 🔍 開始獲取黃金期貨數據
2025-07-23 12:29:25,486 - __main__ - INFO -    期間: 1y
2025-07-23 12:29:25,487 - __main__ - INFO -    間隔: 1d
2025-07-23 12:29:25,487 - __main__ - INFO -    請求時間: 2025-07-23 12:29:25
2025-07-23 12:29:25,487 - __main__ - INFO - 🕐 時間範圍: 2024-07-23 至 2025-07-23
2025-07-23 12:29:25,488 - __main__ - INFO - 📊 正在獲取歷史數據...
2025-07-23 12:29:25,595 - __main__ - INFO - 📊 獲取到 252 筆歷史數據
2025-07-23 12:29:25,596 - __main__ - INFO - 🔄 正在獲取當天詳細數據...
2025-07-23 12:29:25,795 - __main__ - INFO - 📊 今日數據: 20 筆，最新價格: $3436.30
2025-07-23 12:29:25,803 - __main__ - INFO - ✅ 已添加今日數據
2025-07-23 12:29:25,805 - __main__ - INFO - ✅ 當天數據處理完成，最新時間: 2025-07-23 00:19
2025-07-23 12:29:26,068 - __main__ - INFO - 📋 獲取市場資訊: N/A
2025-07-23 12:29:26,069 - __main__ - INFO - ✅ 數據獲取完成:
2025-07-23 12:29:26,069 - __main__ - INFO -    最終數據點數: 253
2025-07-23 12:29:26,070 - __main__ - INFO -    最新價格: $3436.30
2025-07-23 12:29:26,070 - __main__ - INFO -    最後更新: 2025-07-23 00:00
2025-07-23 12:29:26,071 - __main__ - INFO - ✅ 成功獲取黃金數據:
2025-07-23 12:29:26,071 - __main__ - INFO -    數據點數量: 253
2025-07-23 12:29:26,071 - __main__ - INFO -    日期範圍: 2024-07-23 到 2025-07-23
2025-07-23 12:29:26,072 - __main__ - INFO - 📊 統計計算完成: 當前=$3436.30, 變化=+1031.70
2025-07-23 12:29:26,072 - __main__ - INFO - 💰 價格統計:
2025-07-23 12:29:26,072 - __main__ - INFO -    當前價格: $3436.30
2025-07-23 12:29:26,073 - __main__ - INFO -    價格變化: $+1031.70 (+42.91%)
2025-07-23 12:29:26,073 - __main__ - INFO -    價格範圍: $2351.90 - $3439.20
2025-07-23 12:29:26,073 - __main__ - INFO -    平均價格: $2877.94
2025-07-23 12:29:26,073 - __main__ - INFO -    波動率: 320.95
2025-07-23 12:29:26,082 - __main__ - INFO - 📊 圖表數據:
2025-07-23 12:29:26,083 - __main__ - INFO -    有效數據點: 253
2025-07-23 12:29:26,084 - __main__ - INFO -    價格範圍: $2351.90 - $3439.20
2025-07-23 12:29:26,085 - __main__ - INFO - 📈 技術指標計算完成: 5 個指標
2025-07-23 12:29:26,086 - __main__ - INFO - 📈 技術指標: ['ma_20', 'ma_50', 'rsi', 'volatility_5d', 'price_vs_ma20']
2025-07-23 12:29:26,086 - __main__ - INFO - 🏪 市場狀態: open
2025-07-23 12:29:26,087 - __main__ - INFO - ✅ 成功回傳黃金價格數據:
2025-07-23 12:29:26,088 - __main__ - INFO -    回應大小: 38109 字元
2025-07-23 12:29:26,088 - __main__ - INFO -    圖表數據點: 253
2025-07-23 12:29:45,710 - __main__ - INFO - 🔍 開始獲取黃金期貨數據
2025-07-23 12:29:45,711 - __main__ - INFO -    期間: 1d
2025-07-23 12:29:45,712 - __main__ - INFO -    間隔: 1d
2025-07-23 12:29:45,712 - __main__ - INFO -    請求時間: 2025-07-23 12:29:45
2025-07-23 12:29:45,712 - __main__ - INFO - 🕐 時間範圍: 2025-07-22 至 2025-07-23
2025-07-23 12:29:45,713 - __main__ - INFO - 📊 正在獲取歷史數據...
2025-07-23 12:29:45,813 - __main__ - INFO - 📊 獲取到 1 筆歷史數據
2025-07-23 12:29:45,814 - __main__ - INFO - 🔄 正在獲取當天詳細數據...
2025-07-23 12:29:46,010 - __main__ - INFO - 📊 今日數據: 20 筆，最新價格: $3436.20
2025-07-23 12:29:46,013 - __main__ - INFO - ✅ 已添加今日數據
2025-07-23 12:29:46,014 - __main__ - INFO - ✅ 當天數據處理完成，最新時間: 2025-07-23 00:19
2025-07-23 12:29:46,192 - __main__ - INFO - 📋 獲取市場資訊: N/A
2025-07-23 12:29:46,193 - __main__ - INFO - ✅ 數據獲取完成:
2025-07-23 12:29:46,194 - __main__ - INFO -    最終數據點數: 2
2025-07-23 12:29:46,194 - __main__ - INFO -    最新價格: $3436.20
2025-07-23 12:29:46,195 - __main__ - INFO -    最後更新: 2025-07-23 00:00
2025-07-23 12:29:46,195 - __main__ - INFO - ✅ 成功獲取黃金數據:
2025-07-23 12:29:46,196 - __main__ - INFO -    數據點數量: 2
2025-07-23 12:29:46,197 - __main__ - INFO -    日期範圍: 2025-07-22 到 2025-07-23
2025-07-23 12:29:46,198 - __main__ - INFO - 📊 統計計算完成: 當前=$3436.20, 變化=-3.00
2025-07-23 12:29:46,199 - __main__ - INFO - 💰 價格統計:
2025-07-23 12:29:46,199 - __main__ - INFO -    當前價格: $3436.20
2025-07-23 12:29:46,200 - __main__ - INFO -    價格變化: $-3.00 (-0.09%)
2025-07-23 12:29:46,200 - __main__ - INFO -    價格範圍: $3436.20 - $3439.20
2025-07-23 12:29:46,200 - __main__ - INFO -    平均價格: $3437.70
2025-07-23 12:29:46,201 - __main__ - INFO -    波動率: 2.12
2025-07-23 12:29:46,201 - __main__ - INFO - 📊 圖表數據:
2025-07-23 12:29:46,202 - __main__ - INFO -    有效數據點: 2
2025-07-23 12:29:46,203 - __main__ - INFO -    價格範圍: $3436.20 - $3439.20
2025-07-23 12:29:46,204 - __main__ - INFO - 📈 技術指標計算完成: 0 個指標
2025-07-23 12:29:46,205 - __main__ - INFO - 📈 技術指標: []
2025-07-23 12:29:46,206 - __main__ - INFO - 🏪 市場狀態: open
2025-07-23 12:29:46,206 - __main__ - INFO - ✅ 成功回傳黃金價格數據:
2025-07-23 12:29:46,207 - __main__ - INFO -    回應大小: 1125 字元
2025-07-23 12:29:46,207 - __main__ - INFO -    圖表數據點: 2
2025-07-23 12:29:50,083 - __main__ - INFO - 🔍 開始獲取黃金期貨數據
2025-07-23 12:29:50,084 - __main__ - INFO -    期間: 5d
2025-07-23 12:29:50,085 - __main__ - INFO -    間隔: 1d
2025-07-23 12:29:50,085 - __main__ - INFO -    請求時間: 2025-07-23 12:29:50
2025-07-23 12:29:50,086 - __main__ - INFO - 🕐 時間範圍: 2025-07-18 至 2025-07-23
2025-07-23 12:29:50,087 - __main__ - INFO - 📊 正在獲取歷史數據...
2025-07-23 12:29:50,185 - __main__ - INFO - 📊 獲取到 3 筆歷史數據
2025-07-23 12:29:50,187 - __main__ - INFO - 🔄 正在獲取當天詳細數據...
2025-07-23 12:29:50,243 - __main__ - INFO - 📊 今日數據: 20 筆，最新價格: $3436.20
2025-07-23 12:29:50,245 - __main__ - INFO - ✅ 已添加今日數據
2025-07-23 12:29:50,246 - __main__ - INFO - ✅ 當天數據處理完成，最新時間: 2025-07-23 00:19
2025-07-23 12:29:50,429 - __main__ - INFO - 📋 獲取市場資訊: N/A
2025-07-23 12:29:50,430 - __main__ - INFO - ✅ 數據獲取完成:
2025-07-23 12:29:50,431 - __main__ - INFO -    最終數據點數: 4
2025-07-23 12:29:50,431 - __main__ - INFO -    最新價格: $3436.20
2025-07-23 12:29:50,432 - __main__ - INFO -    最後更新: 2025-07-23 00:00
2025-07-23 12:29:50,433 - __main__ - INFO - ✅ 成功獲取黃金數據:
2025-07-23 12:29:50,433 - __main__ - INFO -    數據點數量: 4
2025-07-23 12:29:50,434 - __main__ - INFO -    日期範圍: 2025-07-18 到 2025-07-23
2025-07-23 12:29:50,434 - __main__ - INFO - 📊 統計計算完成: 當前=$3436.20, 變化=+83.20
2025-07-23 12:29:50,435 - __main__ - INFO - 💰 價格統計:
2025-07-23 12:29:50,436 - __main__ - INFO -    當前價格: $3436.20
2025-07-23 12:29:50,436 - __main__ - INFO -    價格變化: $+83.20 (+2.48%)
2025-07-23 12:29:50,437 - __main__ - INFO -    價格範圍: $3353.00 - $3439.20
2025-07-23 12:29:50,437 - __main__ - INFO -    平均價格: $3407.57
2025-07-23 12:29:50,437 - __main__ - INFO -    波動率: 40.13
2025-07-23 12:29:50,438 - __main__ - INFO - 📊 圖表數據:
2025-07-23 12:29:50,439 - __main__ - INFO -    有效數據點: 4
2025-07-23 12:29:50,439 - __main__ - INFO -    價格範圍: $3353.00 - $3439.20
2025-07-23 12:29:50,439 - __main__ - INFO - 📈 技術指標計算完成: 0 個指標
2025-07-23 12:29:50,440 - __main__ - INFO - 📈 技術指標: []
2025-07-23 12:29:50,440 - __main__ - INFO - 🏪 市場狀態: open
2025-07-23 12:29:50,440 - __main__ - INFO - ✅ 成功回傳黃金價格數據:
2025-07-23 12:29:50,441 - __main__ - INFO -    回應大小: 1426 字元
2025-07-23 12:29:50,441 - __main__ - INFO -    圖表數據點: 4
2025-07-23 12:29:55,965 - __main__ - INFO - 🔍 開始獲取黃金期貨數據
2025-07-23 12:29:55,965 - __main__ - INFO -    期間: 1d
2025-07-23 12:29:55,966 - __main__ - INFO -    間隔: 1d
2025-07-23 12:29:55,966 - __main__ - INFO -    請求時間: 2025-07-23 12:29:55
2025-07-23 12:29:55,967 - __main__ - INFO - 🕐 時間範圍: 2025-07-22 至 2025-07-23
2025-07-23 12:29:55,967 - __main__ - INFO - 📊 正在獲取歷史數據...
2025-07-23 12:29:56,061 - __main__ - INFO - 📊 獲取到 1 筆歷史數據
2025-07-23 12:29:56,063 - __main__ - INFO - 🔄 正在獲取當天詳細數據...
2025-07-23 12:29:56,127 - __main__ - INFO - 📊 今日數據: 20 筆，最新價格: $3436.20
2025-07-23 12:29:56,130 - __main__ - INFO - ✅ 已添加今日數據
2025-07-23 12:29:56,132 - __main__ - INFO - ✅ 當天數據處理完成，最新時間: 2025-07-23 00:19
2025-07-23 12:29:56,314 - __main__ - INFO - 📋 獲取市場資訊: N/A
2025-07-23 12:29:56,316 - __main__ - INFO - ✅ 數據獲取完成:
2025-07-23 12:29:56,316 - __main__ - INFO -    最終數據點數: 2
2025-07-23 12:29:56,317 - __main__ - INFO -    最新價格: $3436.20
2025-07-23 12:29:56,317 - __main__ - INFO -    最後更新: 2025-07-23 00:00
2025-07-23 12:29:56,318 - __main__ - INFO - ✅ 成功獲取黃金數據:
2025-07-23 12:29:56,319 - __main__ - INFO -    數據點數量: 2
2025-07-23 12:29:56,320 - __main__ - INFO -    日期範圍: 2025-07-22 到 2025-07-23
2025-07-23 12:29:56,320 - __main__ - INFO - 📊 統計計算完成: 當前=$3436.20, 變化=-3.00
2025-07-23 12:29:56,321 - __main__ - INFO - 💰 價格統計:
2025-07-23 12:29:56,322 - __main__ - INFO -    當前價格: $3436.20
2025-07-23 12:29:56,322 - __main__ - INFO -    價格變化: $-3.00 (-0.09%)
2025-07-23 12:29:56,322 - __main__ - INFO -    價格範圍: $3436.20 - $3439.20
2025-07-23 12:29:56,323 - __main__ - INFO -    平均價格: $3437.70
2025-07-23 12:29:56,323 - __main__ - INFO -    波動率: 2.12
2025-07-23 12:29:56,324 - __main__ - INFO - 📊 圖表數據:
2025-07-23 12:29:56,324 - __main__ - INFO -    有效數據點: 2
2025-07-23 12:29:56,324 - __main__ - INFO -    價格範圍: $3436.20 - $3439.20
2025-07-23 12:29:56,325 - __main__ - INFO - 📈 技術指標計算完成: 0 個指標
2025-07-23 12:29:56,325 - __main__ - INFO - 📈 技術指標: []
2025-07-23 12:29:56,326 - __main__ - INFO - 🏪 市場狀態: open
2025-07-23 12:29:56,327 - __main__ - INFO - ✅ 成功回傳黃金價格數據:
2025-07-23 12:29:56,327 - __main__ - INFO -    回應大小: 1125 字元
2025-07-23 12:29:56,327 - __main__ - INFO -    圖表數據點: 2
2025-07-23 12:30:04,908 - __main__ - INFO - 📤 API 請求 /api/current-data
2025-07-23 12:30:04,909 - __main__ - INFO - 📊 當前儲存數據狀態: 無數據
2025-07-23 12:30:04,909 - __main__ - INFO - ✅ 回傳數據: 0 個欄位
2025-07-23 12:30:13,931 - __main__ - INFO - 📨 收到 N8N 原始資料大小: 213 字元
2025-07-23 12:30:13,932 - __main__ - INFO - 📨 收到 N8N 資料: [{"average_sentiment_score": -0.17, "message": {"content": "今日市場概述：黃金期貨因美國美元走弱和市場對降息的期待而反彈，價格觸及本月新高，交投於每盎司$3,410.70。全球經濟不確定性和即將公布的美國經濟數據促使投資者尋求黃金的避險需求。儘管美國經濟數據穩健打壓降息預期，市場仍在關注貿易談判進展和歐洲央行的政策決定，分析師預測金價可能在狹窄範圍內波動。"}}]...
2025-07-23 12:30:13,934 - __main__ - INFO - ✅ 處理陣列格式數據，取第一個元素
2025-07-23 12:30:13,935 - __main__ - INFO - 📊 數據欄位: ['average_sentiment_score', 'message']
2025-07-23 12:30:13,936 - __main__ - INFO - ✅ 成功處理 N8N 資料:
2025-07-23 12:30:13,936 - __main__ - INFO -    情感分數: -0.17
2025-07-23 12:30:13,936 - __main__ - INFO -    內容長度: 0 字元
2025-07-23 12:30:13,937 - __main__ - INFO -    市場日期: 2025年07月23日
2025-07-23 12:30:13,937 - __main__ - INFO -    信心水平: 未知
2025-07-23 12:30:13,938 - __main__ - INFO -    趨勢方向: 未知
2025-07-23 12:30:13,938 - __main__ - INFO -    風險評估: 未知
2025-07-23 12:30:13,938 - __main__ - INFO -    接收時間: 2025-07-23 12:30:13
2025-07-23 12:30:15,650 - __main__ - INFO - 📤 API 請求 /api/current-data
2025-07-23 12:30:15,651 - __main__ - INFO - 📊 當前儲存數據狀態: 有數據
2025-07-23 12:30:15,652 - __main__ - INFO - 📊 數據詳情:
2025-07-23 12:30:15,652 - __main__ - INFO -    情感分數: -0.17
2025-07-23 12:30:15,653 - __main__ - INFO -    內容長度: 0 字元
2025-07-23 12:30:15,653 - __main__ - INFO -    接收時間: 2025-07-23 12:30:13
2025-07-23 12:30:15,654 - __main__ - INFO - 📅 數據年齡: 0.0 分鐘
2025-07-23 12:30:15,654 - __main__ - INFO - ✅ 回傳數據: 11 個欄位
2025-07-23 12:32:29,726 - __main__ - INFO - 📤 API 請求 /api/current-data
2025-07-23 12:32:29,728 - __main__ - INFO - 📊 當前儲存數據狀態: 有數據
2025-07-23 12:32:29,729 - __main__ - INFO - 📊 數據詳情:
2025-07-23 12:32:29,730 - __main__ - INFO -    情感分數: -0.17
2025-07-23 12:32:29,731 - __main__ - INFO -    內容長度: 0 字元
2025-07-23 12:32:29,732 - __main__ - INFO -    接收時間: 2025-07-23 12:30:13
2025-07-23 12:32:29,733 - __main__ - INFO - 📅 數據年齡: 2.3 分鐘
2025-07-23 12:32:29,734 - __main__ - INFO - ✅ 回傳數據: 11 個欄位
2025-07-23 12:32:29,738 - __main__ - INFO - 🔍 開始獲取黃金期貨數據
2025-07-23 12:32:29,739 - __main__ - INFO -    期間: 1y
2025-07-23 12:32:29,739 - __main__ - INFO -    間隔: 1d
2025-07-23 12:32:29,740 - __main__ - INFO -    請求時間: 2025-07-23 12:32:29
2025-07-23 12:32:29,741 - __main__ - INFO - 🕐 時間範圍: 2024-07-23 至 2025-07-23
2025-07-23 12:32:29,743 - __main__ - INFO - 📊 正在獲取歷史數據...
2025-07-23 12:32:29,864 - __main__ - INFO - 📊 獲取到 252 筆歷史數據
2025-07-23 12:32:29,867 - __main__ - INFO - 🔄 正在獲取當天詳細數據...
2025-07-23 12:32:30,032 - __main__ - INFO - 📊 今日數據: 23 筆，最新價格: $3436.80
2025-07-23 12:32:30,037 - __main__ - INFO - ✅ 已添加今日數據
2025-07-23 12:32:30,039 - __main__ - INFO - ✅ 當天數據處理完成，最新時間: 2025-07-23 00:22
2025-07-23 12:32:30,301 - __main__ - INFO - 📋 獲取市場資訊: N/A
2025-07-23 12:32:30,303 - __main__ - INFO - ✅ 數據獲取完成:
2025-07-23 12:32:30,303 - __main__ - INFO -    最終數據點數: 253
2025-07-23 12:32:30,304 - __main__ - INFO -    最新價格: $3436.80
2025-07-23 12:32:30,305 - __main__ - INFO -    最後更新: 2025-07-23 00:00
2025-07-23 12:32:30,306 - __main__ - INFO - ✅ 成功獲取黃金數據:
2025-07-23 12:32:30,308 - __main__ - INFO -    數據點數量: 253
2025-07-23 12:32:30,309 - __main__ - INFO -    日期範圍: 2024-07-23 到 2025-07-23
2025-07-23 12:32:30,310 - __main__ - INFO - 📊 統計計算完成: 當前=$3436.80, 變化=+1032.20
2025-07-23 12:32:30,312 - __main__ - INFO - 💰 價格統計:
2025-07-23 12:32:30,313 - __main__ - INFO -    當前價格: $3436.80
2025-07-23 12:32:30,314 - __main__ - INFO -    價格變化: $+1032.20 (+42.93%)
2025-07-23 12:32:30,314 - __main__ - INFO -    價格範圍: $2351.90 - $3439.20
2025-07-23 12:32:30,315 - __main__ - INFO -    平均價格: $2877.94
2025-07-23 12:32:30,316 - __main__ - INFO -    波動率: 320.96
2025-07-23 12:32:30,336 - __main__ - INFO - 📊 圖表數據:
2025-07-23 12:32:30,337 - __main__ - INFO -    有效數據點: 253
2025-07-23 12:32:30,338 - __main__ - INFO -    價格範圍: $2351.90 - $3439.20
2025-07-23 12:32:30,342 - __main__ - INFO - 📈 技術指標計算完成: 5 個指標
2025-07-23 12:32:30,343 - __main__ - INFO - 📈 技術指標: ['ma_20', 'ma_50', 'rsi', 'volatility_5d', 'price_vs_ma20']
2025-07-23 12:32:30,344 - __main__ - INFO - 🏪 市場狀態: open
2025-07-23 12:32:30,346 - __main__ - INFO - ✅ 成功回傳黃金價格數據:
2025-07-23 12:32:30,348 - __main__ - INFO -    回應大小: 38111 字元
2025-07-23 12:32:30,349 - __main__ - INFO -    圖表數據點: 253
2025-07-23 12:33:16,161 - __main__ - INFO - 📤 API 請求 /api/current-data
2025-07-23 12:33:16,162 - __main__ - INFO - 📊 當前儲存數據狀態: 有數據
2025-07-23 12:33:16,163 - __main__ - INFO - 📊 數據詳情:
2025-07-23 12:33:16,164 - __main__ - INFO -    情感分數: -0.17
2025-07-23 12:33:16,165 - __main__ - INFO -    內容長度: 0 字元
2025-07-23 12:33:16,165 - __main__ - INFO -    接收時間: 2025-07-23 12:30:13
2025-07-23 12:33:16,166 - __main__ - INFO - 📅 數據年齡: 3.0 分鐘
2025-07-23 12:33:16,167 - __main__ - INFO - ✅ 回傳數據: 11 個欄位
2025-07-23 12:33:16,170 - __main__ - INFO - 🔍 開始獲取黃金期貨數據
2025-07-23 12:33:16,171 - __main__ - INFO -    期間: 1y
2025-07-23 12:33:16,172 - __main__ - INFO -    間隔: 1d
2025-07-23 12:33:16,173 - __main__ - INFO -    請求時間: 2025-07-23 12:33:16
2025-07-23 12:33:16,174 - __main__ - INFO - 🕐 時間範圍: 2024-07-23 至 2025-07-23
2025-07-23 12:33:16,175 - __main__ - INFO - 📊 正在獲取歷史數據...
2025-07-23 12:33:16,194 - __main__ - INFO - 📊 獲取到 252 筆歷史數據
2025-07-23 12:33:16,195 - __main__ - INFO - 🔄 正在獲取當天詳細數據...
2025-07-23 12:33:16,351 - __main__ - INFO - 📊 今日數據: 24 筆，最新價格: $3436.60
2025-07-23 12:33:16,355 - __main__ - INFO - ✅ 已添加今日數據
2025-07-23 12:33:16,356 - __main__ - INFO - ✅ 當天數據處理完成，最新時間: 2025-07-23 00:23
2025-07-23 12:33:16,537 - __main__ - INFO - 📋 獲取市場資訊: N/A
2025-07-23 12:33:16,538 - __main__ - INFO - ✅ 數據獲取完成:
2025-07-23 12:33:16,539 - __main__ - INFO -    最終數據點數: 253
2025-07-23 12:33:16,539 - __main__ - INFO -    最新價格: $3436.60
2025-07-23 12:33:16,540 - __main__ - INFO -    最後更新: 2025-07-23 00:00
2025-07-23 12:33:16,541 - __main__ - INFO - ✅ 成功獲取黃金數據:
2025-07-23 12:33:16,542 - __main__ - INFO -    數據點數量: 253
2025-07-23 12:33:16,543 - __main__ - INFO -    日期範圍: 2024-07-23 到 2025-07-23
2025-07-23 12:33:16,545 - __main__ - INFO - 📊 統計計算完成: 當前=$3436.60, 變化=+1032.00
2025-07-23 12:33:16,545 - __main__ - INFO - 💰 價格統計:
2025-07-23 12:33:16,546 - __main__ - INFO -    當前價格: $3436.60
2025-07-23 12:33:16,547 - __main__ - INFO -    價格變化: $+1032.00 (+42.92%)
2025-07-23 12:33:16,548 - __main__ - INFO -    價格範圍: $2351.90 - $3439.20
2025-07-23 12:33:16,548 - __main__ - INFO -    平均價格: $2877.94
2025-07-23 12:33:16,549 - __main__ - INFO -    波動率: 320.95
2025-07-23 12:33:16,569 - __main__ - INFO - 📊 圖表數據:
2025-07-23 12:33:16,570 - __main__ - INFO -    有效數據點: 253
2025-07-23 12:33:16,571 - __main__ - INFO -    價格範圍: $2351.90 - $3439.20
2025-07-23 12:33:16,574 - __main__ - INFO - 📈 技術指標計算完成: 5 個指標
2025-07-23 12:33:16,575 - __main__ - INFO - 📈 技術指標: ['ma_20', 'ma_50', 'rsi', 'volatility_5d', 'price_vs_ma20']
2025-07-23 12:33:16,576 - __main__ - INFO - 🏪 市場狀態: open
2025-07-23 12:33:16,577 - __main__ - INFO - ✅ 成功回傳黃金價格數據:
2025-07-23 12:33:16,579 - __main__ - INFO -    回應大小: 38109 字元
2025-07-23 12:33:16,581 - __main__ - INFO -    圖表數據點: 253
2025-07-23 12:37:04,142 - __main__ - INFO - 📤 API 請求 /api/current-data
2025-07-23 12:37:04,143 - __main__ - INFO - 📊 當前儲存數據狀態: 有數據
2025-07-23 12:37:04,144 - __main__ - INFO - 📊 數據詳情:
2025-07-23 12:37:04,144 - __main__ - INFO -    情感分數: -0.17
2025-07-23 12:37:04,145 - __main__ - INFO -    內容長度: 0 字元
2025-07-23 12:37:04,145 - __main__ - INFO -    接收時間: 2025-07-23 12:30:13
2025-07-23 12:37:04,146 - __main__ - INFO - 📅 數據年齡: 6.8 分鐘
2025-07-23 12:37:04,146 - __main__ - INFO - ✅ 回傳數據: 11 個欄位
2025-07-23 12:37:04,148 - __main__ - INFO - 🔍 開始獲取黃金期貨數據
2025-07-23 12:37:04,149 - __main__ - INFO -    期間: 1y
2025-07-23 12:37:04,151 - __main__ - INFO -    間隔: 1d
2025-07-23 12:37:04,151 - __main__ - INFO -    請求時間: 2025-07-23 12:37:04
2025-07-23 12:37:04,152 - __main__ - INFO - 🕐 時間範圍: 2024-07-23 至 2025-07-23
2025-07-23 12:37:04,152 - __main__ - INFO - 📊 正在獲取歷史數據...
2025-07-23 12:37:04,166 - __main__ - INFO - 📊 獲取到 252 筆歷史數據
2025-07-23 12:37:04,166 - __main__ - INFO - 🔄 正在獲取當天詳細數據...
2025-07-23 12:37:04,360 - __main__ - INFO - 📊 今日數據: 28 筆，最新價格: $3437.40
2025-07-23 12:37:04,364 - __main__ - INFO - ✅ 已添加今日數據
2025-07-23 12:37:04,365 - __main__ - INFO - ✅ 當天數據處理完成，最新時間: 2025-07-23 00:27
2025-07-23 12:37:04,633 - __main__ - INFO - 📋 獲取市場資訊: N/A
2025-07-23 12:37:04,634 - __main__ - INFO - ✅ 數據獲取完成:
2025-07-23 12:37:04,635 - __main__ - INFO -    最終數據點數: 253
2025-07-23 12:37:04,636 - __main__ - INFO -    最新價格: $3437.40
2025-07-23 12:37:04,637 - __main__ - INFO -    最後更新: 2025-07-23 00:00
2025-07-23 12:37:04,638 - __main__ - INFO - ✅ 成功獲取黃金數據:
2025-07-23 12:37:04,638 - __main__ - INFO -    數據點數量: 253
2025-07-23 12:37:04,639 - __main__ - INFO -    日期範圍: 2024-07-23 到 2025-07-23
2025-07-23 12:37:04,640 - __main__ - INFO - 📊 統計計算完成: 當前=$3437.40, 變化=+1032.80
2025-07-23 12:37:04,640 - __main__ - INFO - 💰 價格統計:
2025-07-23 12:37:04,641 - __main__ - INFO -    當前價格: $3437.40
2025-07-23 12:37:04,641 - __main__ - INFO -    價格變化: $+1032.80 (+42.95%)
2025-07-23 12:37:04,641 - __main__ - INFO -    價格範圍: $2351.90 - $3439.20
2025-07-23 12:37:04,642 - __main__ - INFO -    平均價格: $2877.95
2025-07-23 12:37:04,642 - __main__ - INFO -    波動率: 320.96
2025-07-23 12:37:04,651 - __main__ - INFO - 📊 圖表數據:
2025-07-23 12:37:04,652 - __main__ - INFO -    有效數據點: 253
2025-07-23 12:37:04,653 - __main__ - INFO -    價格範圍: $2351.90 - $3439.20
2025-07-23 12:37:04,656 - __main__ - INFO - 📈 技術指標計算完成: 5 個指標
2025-07-23 12:37:04,657 - __main__ - INFO - 📈 技術指標: ['ma_20', 'ma_50', 'rsi', 'volatility_5d', 'price_vs_ma20']
2025-07-23 12:37:04,657 - __main__ - INFO - 🏪 市場狀態: open
2025-07-23 12:37:04,658 - __main__ - INFO - ✅ 成功回傳黃金價格數據:
2025-07-23 12:37:04,659 - __main__ - INFO -    回應大小: 38110 字元
2025-07-23 12:37:04,660 - __main__ - INFO -    圖表數據點: 253
2025-07-23 12:38:12,494 - __main__ - INFO - 📤 API 請求 /api/current-data
2025-07-23 12:38:12,495 - __main__ - INFO - 📊 當前儲存數據狀態: 有數據
2025-07-23 12:38:12,495 - __main__ - INFO - 📊 數據詳情:
2025-07-23 12:38:12,495 - __main__ - INFO -    情感分數: -0.17
2025-07-23 12:38:12,496 - __main__ - INFO -    內容長度: 0 字元
2025-07-23 12:38:12,496 - __main__ - INFO -    接收時間: 2025-07-23 12:30:13
2025-07-23 12:38:12,496 - __main__ - INFO - 📅 數據年齡: 8.0 分鐘
2025-07-23 12:38:12,497 - __main__ - INFO - ✅ 回傳數據: 11 個欄位
2025-07-23 12:38:46,248 - __main__ - ERROR - ❌ 發送郵件到 N8N 失敗: 500: N8N webhook 回應錯誤: 404
2025-07-23 12:38:46,249 - __main__ - ERROR - HTTP異常: 500 - 發送失敗: 500: N8N webhook 回應錯誤: 404
2025-07-23 12:40:08,334 - __main__ - INFO - 📤 API 請求 /api/current-data
2025-07-23 12:40:08,335 - __main__ - INFO - 📊 當前儲存數據狀態: 有數據
2025-07-23 12:40:08,336 - __main__ - INFO - 📊 數據詳情:
2025-07-23 12:40:08,337 - __main__ - INFO -    情感分數: -0.17
2025-07-23 12:40:08,337 - __main__ - INFO -    內容長度: 0 字元
2025-07-23 12:40:08,338 - __main__ - INFO -    接收時間: 2025-07-23 12:30:13
2025-07-23 12:40:08,339 - __main__ - INFO - 📅 數據年齡: 9.9 分鐘
2025-07-23 12:40:08,340 - __main__ - INFO - ✅ 回傳數據: 11 個欄位
2025-07-23 12:40:08,344 - __main__ - INFO - 🔍 開始獲取黃金期貨數據
2025-07-23 12:40:08,345 - __main__ - INFO -    期間: 1y
2025-07-23 12:40:08,345 - __main__ - INFO -    間隔: 1d
2025-07-23 12:40:08,346 - __main__ - INFO -    請求時間: 2025-07-23 12:40:08
2025-07-23 12:40:08,346 - __main__ - INFO - 🕐 時間範圍: 2024-07-23 至 2025-07-23
2025-07-23 12:40:08,347 - __main__ - INFO - 📊 正在獲取歷史數據...
2025-07-23 12:40:08,362 - __main__ - INFO - 📊 獲取到 252 筆歷史數據
2025-07-23 12:40:08,362 - __main__ - INFO - 🔄 正在獲取當天詳細數據...
2025-07-23 12:40:08,548 - __main__ - INFO - 📊 今日數據: 31 筆，最新價格: $3436.60
2025-07-23 12:40:08,551 - __main__ - INFO - ✅ 已添加今日數據
2025-07-23 12:40:08,551 - __main__ - INFO - ✅ 當天數據處理完成，最新時間: 2025-07-23 00:30
2025-07-23 12:40:08,792 - __main__ - INFO - 📋 獲取市場資訊: N/A
2025-07-23 12:40:08,793 - __main__ - INFO - ✅ 數據獲取完成:
2025-07-23 12:40:08,793 - __main__ - INFO -    最終數據點數: 253
2025-07-23 12:40:08,794 - __main__ - INFO -    最新價格: $3436.60
2025-07-23 12:40:08,795 - __main__ - INFO -    最後更新: 2025-07-23 00:00
2025-07-23 12:40:08,795 - __main__ - INFO - ✅ 成功獲取黃金數據:
2025-07-23 12:40:08,796 - __main__ - INFO -    數據點數量: 253
2025-07-23 12:40:08,796 - __main__ - INFO -    日期範圍: 2024-07-23 到 2025-07-23
2025-07-23 12:40:08,797 - __main__ - INFO - 📊 統計計算完成: 當前=$3436.60, 變化=+1032.00
2025-07-23 12:40:08,797 - __main__ - INFO - 💰 價格統計:
2025-07-23 12:40:08,798 - __main__ - INFO -    當前價格: $3436.60
2025-07-23 12:40:08,798 - __main__ - INFO -    價格變化: $+1032.00 (+42.92%)
2025-07-23 12:40:08,798 - __main__ - INFO -    價格範圍: $2351.90 - $3439.20
2025-07-23 12:40:08,799 - __main__ - INFO -    平均價格: $2877.94
2025-07-23 12:40:08,799 - __main__ - INFO -    波動率: 320.95
2025-07-23 12:40:08,808 - __main__ - INFO - 📊 圖表數據:
2025-07-23 12:40:08,808 - __main__ - INFO -    有效數據點: 253
2025-07-23 12:40:08,809 - __main__ - INFO -    價格範圍: $2351.90 - $3439.20
2025-07-23 12:40:08,811 - __main__ - INFO - 📈 技術指標計算完成: 5 個指標
2025-07-23 12:40:08,811 - __main__ - INFO - 📈 技術指標: ['ma_20', 'ma_50', 'rsi', 'volatility_5d', 'price_vs_ma20']
2025-07-23 12:40:08,812 - __main__ - INFO - 🏪 市場狀態: open
2025-07-23 12:40:08,813 - __main__ - INFO - ✅ 成功回傳黃金價格數據:
2025-07-23 12:40:08,814 - __main__ - INFO -    回應大小: 38109 字元
2025-07-23 12:40:08,814 - __main__ - INFO -    圖表數據點: 253
2025-07-23 12:40:13,099 - __main__ - INFO - 📤 API 請求 /api/current-data
2025-07-23 12:40:13,099 - __main__ - INFO - 📊 當前儲存數據狀態: 有數據
2025-07-23 12:40:13,100 - __main__ - INFO - 📊 數據詳情:
2025-07-23 12:40:13,100 - __main__ - INFO -    情感分數: -0.17
2025-07-23 12:40:13,101 - __main__ - INFO -    內容長度: 0 字元
2025-07-23 12:40:13,102 - __main__ - INFO -    接收時間: 2025-07-23 12:30:13
2025-07-23 12:40:13,103 - __main__ - INFO - 📅 數據年齡: 10.0 分鐘
2025-07-23 12:40:13,104 - __main__ - INFO - ✅ 回傳數據: 11 個欄位
2025-07-23 12:40:13,105 - __main__ - INFO - 🔍 開始獲取黃金期貨數據
2025-07-23 12:40:13,106 - __main__ - INFO -    期間: 1y
2025-07-23 12:40:13,106 - __main__ - INFO -    間隔: 1d
2025-07-23 12:40:13,107 - __main__ - INFO -    請求時間: 2025-07-23 12:40:13
2025-07-23 12:40:13,107 - __main__ - INFO - 🕐 時間範圍: 2024-07-23 至 2025-07-23
2025-07-23 12:40:13,108 - __main__ - INFO - 📊 正在獲取歷史數據...
2025-07-23 12:40:13,119 - __main__ - INFO - 📊 獲取到 252 筆歷史數據
2025-07-23 12:40:13,120 - __main__ - INFO - 🔄 正在獲取當天詳細數據...
2025-07-23 12:40:13,174 - __main__ - INFO - 📊 今日數據: 31 筆，最新價格: $3436.60
2025-07-23 12:40:13,178 - __main__ - INFO - ✅ 已添加今日數據
2025-07-23 12:40:13,179 - __main__ - INFO - ✅ 當天數據處理完成，最新時間: 2025-07-23 00:30
2025-07-23 12:40:13,348 - __main__ - INFO - 📋 獲取市場資訊: N/A
2025-07-23 12:40:13,349 - __main__ - INFO - ✅ 數據獲取完成:
2025-07-23 12:40:13,350 - __main__ - INFO -    最終數據點數: 253
2025-07-23 12:40:13,350 - __main__ - INFO -    最新價格: $3436.60
2025-07-23 12:40:13,351 - __main__ - INFO -    最後更新: 2025-07-23 00:00
2025-07-23 12:40:13,351 - __main__ - INFO - ✅ 成功獲取黃金數據:
2025-07-23 12:40:13,352 - __main__ - INFO -    數據點數量: 253
2025-07-23 12:40:13,352 - __main__ - INFO -    日期範圍: 2024-07-23 到 2025-07-23
2025-07-23 12:40:13,354 - __main__ - INFO - 📊 統計計算完成: 當前=$3436.60, 變化=+1032.00
2025-07-23 12:40:13,354 - __main__ - INFO - 💰 價格統計:
2025-07-23 12:40:13,355 - __main__ - INFO -    當前價格: $3436.60
2025-07-23 12:40:13,356 - __main__ - INFO -    價格變化: $+1032.00 (+42.92%)
2025-07-23 12:40:13,356 - __main__ - INFO -    價格範圍: $2351.90 - $3439.20
2025-07-23 12:40:13,357 - __main__ - INFO -    平均價格: $2877.94
2025-07-23 12:40:13,357 - __main__ - INFO -    波動率: 320.95
2025-07-23 12:40:13,366 - __main__ - INFO - 📊 圖表數據:
2025-07-23 12:40:13,367 - __main__ - INFO -    有效數據點: 253
2025-07-23 12:40:13,368 - __main__ - INFO -    價格範圍: $2351.90 - $3439.20
2025-07-23 12:40:13,370 - __main__ - INFO - 📈 技術指標計算完成: 5 個指標
2025-07-23 12:40:13,370 - __main__ - INFO - 📈 技術指標: ['ma_20', 'ma_50', 'rsi', 'volatility_5d', 'price_vs_ma20']
2025-07-23 12:40:13,371 - __main__ - INFO - 🏪 市場狀態: open
2025-07-23 12:40:13,373 - __main__ - INFO - ✅ 成功回傳黃金價格數據:
2025-07-23 12:40:13,374 - __main__ - INFO -    回應大小: 38109 字元
2025-07-23 12:40:13,375 - __main__ - INFO -    圖表數據點: 253
2025-07-23 12:41:56,004 - __main__ - INFO - 📤 API 請求 /api/current-data
2025-07-23 12:41:56,005 - __main__ - INFO - 📊 當前儲存數據狀態: 有數據
2025-07-23 12:41:56,006 - __main__ - INFO - 📊 數據詳情:
2025-07-23 12:41:56,007 - __main__ - INFO -    情感分數: -0.17
2025-07-23 12:41:56,008 - __main__ - INFO -    內容長度: 0 字元
2025-07-23 12:41:56,008 - __main__ - INFO -    接收時間: 2025-07-23 12:30:13
2025-07-23 12:41:56,009 - __main__ - INFO - 📅 數據年齡: 11.7 分鐘
2025-07-23 12:41:56,009 - __main__ - INFO - ✅ 回傳數據: 11 個欄位
2025-07-23 12:41:56,012 - __main__ - INFO - 🔍 開始獲取黃金期貨數據
2025-07-23 12:41:56,013 - __main__ - INFO -    期間: 1y
2025-07-23 12:41:56,013 - __main__ - INFO -    間隔: 1d
2025-07-23 12:41:56,013 - __main__ - INFO -    請求時間: 2025-07-23 12:41:56
2025-07-23 12:41:56,014 - __main__ - INFO - 🕐 時間範圍: 2024-07-23 至 2025-07-23
2025-07-23 12:41:56,015 - __main__ - INFO - 📊 正在獲取歷史數據...
2025-07-23 12:41:56,028 - __main__ - INFO - 📊 獲取到 252 筆歷史數據
2025-07-23 12:41:56,028 - __main__ - INFO - 🔄 正在獲取當天詳細數據...
2025-07-23 12:41:56,179 - __main__ - INFO - 📊 今日數據: 32 筆，最新價格: $3437.00
2025-07-23 12:41:56,181 - __main__ - INFO - ✅ 已添加今日數據
2025-07-23 12:41:56,181 - __main__ - INFO - ✅ 當天數據處理完成，最新時間: 2025-07-23 00:31
2025-07-23 12:41:56,353 - __main__ - INFO - 📋 獲取市場資訊: N/A
2025-07-23 12:41:56,355 - __main__ - INFO - ✅ 數據獲取完成:
2025-07-23 12:41:56,356 - __main__ - INFO -    最終數據點數: 253
2025-07-23 12:41:56,356 - __main__ - INFO -    最新價格: $3437.00
2025-07-23 12:41:56,358 - __main__ - INFO -    最後更新: 2025-07-23 00:00
2025-07-23 12:41:56,358 - __main__ - INFO - ✅ 成功獲取黃金數據:
2025-07-23 12:41:56,359 - __main__ - INFO -    數據點數量: 253
2025-07-23 12:41:56,359 - __main__ - INFO -    日期範圍: 2024-07-23 到 2025-07-23
2025-07-23 12:41:56,360 - __main__ - INFO - 📊 統計計算完成: 當前=$3437.00, 變化=+1032.40
2025-07-23 12:41:56,361 - __main__ - INFO - 💰 價格統計:
2025-07-23 12:41:56,361 - __main__ - INFO -    當前價格: $3437.00
2025-07-23 12:41:56,362 - __main__ - INFO -    價格變化: $+1032.40 (+42.93%)
2025-07-23 12:41:56,362 - __main__ - INFO -    價格範圍: $2351.90 - $3439.20
2025-07-23 12:41:56,362 - __main__ - INFO -    平均價格: $2877.94
2025-07-23 12:41:56,362 - __main__ - INFO -    波動率: 320.96
2025-07-23 12:41:56,372 - __main__ - INFO - 📊 圖表數據:
2025-07-23 12:41:56,373 - __main__ - INFO -    有效數據點: 253
2025-07-23 12:41:56,374 - __main__ - INFO -    價格範圍: $2351.90 - $3439.20
2025-07-23 12:41:56,375 - __main__ - INFO - 📈 技術指標計算完成: 5 個指標
2025-07-23 12:41:56,376 - __main__ - INFO - 📈 技術指標: ['ma_20', 'ma_50', 'rsi', 'volatility_5d', 'price_vs_ma20']
2025-07-23 12:41:56,376 - __main__ - INFO - 🏪 市場狀態: open
2025-07-23 12:41:56,377 - __main__ - INFO - ✅ 成功回傳黃金價格數據:
2025-07-23 12:41:56,378 - __main__ - INFO -    回應大小: 38100 字元
2025-07-23 12:41:56,378 - __main__ - INFO -    圖表數據點: 253
2025-07-23 12:46:57,130 - __main__ - INFO - 📤 API 請求 /api/current-data
2025-07-23 12:46:57,130 - __main__ - INFO - 📊 當前儲存數據狀態: 有數據
2025-07-23 12:46:57,131 - __main__ - INFO - 📊 數據詳情:
2025-07-23 12:46:57,131 - __main__ - INFO -    情感分數: -0.17
2025-07-23 12:46:57,132 - __main__ - INFO -    內容長度: 0 字元
2025-07-23 12:46:57,132 - __main__ - INFO -    接收時間: 2025-07-23 12:30:13
2025-07-23 12:46:57,133 - __main__ - INFO - 📅 數據年齡: 16.7 分鐘
2025-07-23 12:46:57,133 - __main__ - INFO - ✅ 回傳數據: 11 個欄位
2025-07-23 12:46:57,134 - __main__ - INFO - 🔍 開始獲取黃金期貨數據
2025-07-23 12:46:57,135 - __main__ - INFO -    期間: 1y
2025-07-23 12:46:57,135 - __main__ - INFO -    間隔: 1d
2025-07-23 12:46:57,135 - __main__ - INFO -    請求時間: 2025-07-23 12:46:57
2025-07-23 12:46:57,135 - __main__ - INFO - 🕐 時間範圍: 2024-07-23 至 2025-07-23
2025-07-23 12:46:57,136 - __main__ - INFO - 📊 正在獲取歷史數據...
2025-07-23 12:46:57,144 - __main__ - INFO - 📊 獲取到 252 筆歷史數據
2025-07-23 12:46:57,145 - __main__ - INFO - 🔄 正在獲取當天詳細數據...
2025-07-23 12:46:57,331 - __main__ - INFO - 📊 今日數據: 37 筆，最新價格: $3436.50
2025-07-23 12:46:57,334 - __main__ - INFO - ✅ 已添加今日數據
2025-07-23 12:46:57,335 - __main__ - INFO - ✅ 當天數據處理完成，最新時間: 2025-07-23 00:36
2025-07-23 12:46:57,593 - __main__ - INFO - 📋 獲取市場資訊: N/A
2025-07-23 12:46:57,594 - __main__ - INFO - ✅ 數據獲取完成:
2025-07-23 12:46:57,595 - __main__ - INFO -    最終數據點數: 253
2025-07-23 12:46:57,595 - __main__ - INFO -    最新價格: $3436.50
2025-07-23 12:46:57,596 - __main__ - INFO -    最後更新: 2025-07-23 00:00
2025-07-23 12:46:57,596 - __main__ - INFO - ✅ 成功獲取黃金數據:
2025-07-23 12:46:57,597 - __main__ - INFO -    數據點數量: 253
2025-07-23 12:46:57,597 - __main__ - INFO -    日期範圍: 2024-07-23 到 2025-07-23
2025-07-23 12:46:57,598 - __main__ - INFO - 📊 統計計算完成: 當前=$3436.50, 變化=+1031.90
2025-07-23 12:46:57,598 - __main__ - INFO - 💰 價格統計:
2025-07-23 12:46:57,599 - __main__ - INFO -    當前價格: $3436.50
2025-07-23 12:46:57,600 - __main__ - INFO -    價格變化: $+1031.90 (+42.91%)
2025-07-23 12:46:57,600 - __main__ - INFO -    價格範圍: $2351.90 - $3439.20
2025-07-23 12:46:57,600 - __main__ - INFO -    平均價格: $2877.94
2025-07-23 12:46:57,601 - __main__ - INFO -    波動率: 320.95
2025-07-23 12:46:57,611 - __main__ - INFO - 📊 圖表數據:
2025-07-23 12:46:57,612 - __main__ - INFO -    有效數據點: 253
2025-07-23 12:46:57,613 - __main__ - INFO -    價格範圍: $2351.90 - $3439.20
2025-07-23 12:46:57,616 - __main__ - INFO - 📈 技術指標計算完成: 5 個指標
2025-07-23 12:46:57,617 - __main__ - INFO - 📈 技術指標: ['ma_20', 'ma_50', 'rsi', 'volatility_5d', 'price_vs_ma20']
2025-07-23 12:46:57,618 - __main__ - INFO - 🏪 市場狀態: open
2025-07-23 12:46:57,619 - __main__ - INFO - ✅ 成功回傳黃金價格數據:
2025-07-23 12:46:57,620 - __main__ - INFO -    回應大小: 38100 字元
2025-07-23 12:46:57,621 - __main__ - INFO -    圖表數據點: 253
2025-07-23 12:51:56,910 - __main__ - INFO - 🔍 開始獲取黃金期貨數據
2025-07-23 12:51:56,911 - __main__ - INFO -    期間: 1y
2025-07-23 12:51:56,911 - __main__ - INFO -    間隔: 1d
2025-07-23 12:51:56,912 - __main__ - INFO -    請求時間: 2025-07-23 12:51:56
2025-07-23 12:51:56,912 - __main__ - INFO - 🕐 時間範圍: 2024-07-23 至 2025-07-23
2025-07-23 12:51:56,913 - __main__ - INFO - 📊 正在獲取歷史數據...
2025-07-23 12:51:56,920 - __main__ - INFO - 📊 獲取到 252 筆歷史數據
2025-07-23 12:51:56,920 - __main__ - INFO - 🔄 正在獲取當天詳細數據...
2025-07-23 12:51:57,064 - __main__ - INFO - 📊 今日數據: 42 筆，最新價格: $3436.70
2025-07-23 12:51:57,066 - __main__ - INFO - ✅ 已添加今日數據
2025-07-23 12:51:57,066 - __main__ - INFO - ✅ 當天數據處理完成，最新時間: 2025-07-23 00:41
2025-07-23 12:51:57,316 - __main__ - INFO - 📋 獲取市場資訊: N/A
2025-07-23 12:51:57,318 - __main__ - INFO - ✅ 數據獲取完成:
2025-07-23 12:51:57,318 - __main__ - INFO -    最終數據點數: 253
2025-07-23 12:51:57,319 - __main__ - INFO -    最新價格: $3436.70
2025-07-23 12:51:57,319 - __main__ - INFO -    最後更新: 2025-07-23 00:00
2025-07-23 12:51:57,320 - __main__ - INFO - ✅ 成功獲取黃金數據:
2025-07-23 12:51:57,320 - __main__ - INFO -    數據點數量: 253
2025-07-23 12:51:57,321 - __main__ - INFO -    日期範圍: 2024-07-23 到 2025-07-23
2025-07-23 12:51:57,322 - __main__ - INFO - 📊 統計計算完成: 當前=$3436.70, 變化=+1032.10
2025-07-23 12:51:57,322 - __main__ - INFO - 💰 價格統計:
2025-07-23 12:51:57,322 - __main__ - INFO -    當前價格: $3436.70
2025-07-23 12:51:57,323 - __main__ - INFO -    價格變化: $+1032.10 (+42.92%)
2025-07-23 12:51:57,323 - __main__ - INFO -    價格範圍: $2351.90 - $3439.20
2025-07-23 12:51:57,324 - __main__ - INFO -    平均價格: $2877.94
2025-07-23 12:51:57,324 - __main__ - INFO -    波動率: 320.96
2025-07-23 12:51:57,332 - __main__ - INFO - 📊 圖表數據:
2025-07-23 12:51:57,333 - __main__ - INFO -    有效數據點: 253
2025-07-23 12:51:57,333 - __main__ - INFO -    價格範圍: $2351.90 - $3439.20
2025-07-23 12:51:57,335 - __main__ - INFO - 📈 技術指標計算完成: 5 個指標
2025-07-23 12:51:57,335 - __main__ - INFO - 📈 技術指標: ['ma_20', 'ma_50', 'rsi', 'volatility_5d', 'price_vs_ma20']
2025-07-23 12:51:57,335 - __main__ - INFO - 🏪 市場狀態: open
2025-07-23 12:51:57,336 - __main__ - INFO - ✅ 成功回傳黃金價格數據:
2025-07-23 12:51:57,337 - __main__ - INFO -    回應大小: 38099 字元
2025-07-23 12:51:57,338 - __main__ - INFO -    圖表數據點: 253
2025-07-23 12:51:57,342 - __main__ - INFO - 📤 API 請求 /api/current-data
2025-07-23 12:51:57,342 - __main__ - INFO - 📊 當前儲存數據狀態: 有數據
2025-07-23 12:51:57,343 - __main__ - INFO - 📊 數據詳情:
2025-07-23 12:51:57,343 - __main__ - INFO -    情感分數: -0.17
2025-07-23 12:51:57,343 - __main__ - INFO -    內容長度: 0 字元
2025-07-23 12:51:57,344 - __main__ - INFO -    接收時間: 2025-07-23 12:30:13
2025-07-23 12:51:57,344 - __main__ - INFO - 📅 數據年齡: 21.7 分鐘
2025-07-23 12:51:57,344 - __main__ - INFO - ✅ 回傳數據: 11 個欄位
2025-07-23 12:53:16,584 - __main__ - INFO - 🚀 市場分析系統啟動 - 修正版
2025-07-23 12:53:16,587 - __main__ - INFO - 📡 N8N Webhook: https://beloved-swine-sensibly.ngrok-free.app/webhook/Webhook%20-%20Preview
2025-07-23 12:53:16,587 - __main__ - INFO - 🌐 主網站: http://0.0.0.0:8089
2025-07-23 12:53:16,588 - __main__ - INFO - 📧 郵件頁面: http://0.0.0.0:8089/mail
2025-07-23 12:53:16,588 - __main__ - INFO - 📖 API文檔: http://0.0.0.0:8089/api/docs
2025-07-23 12:53:16,588 - __main__ - INFO - 🔍 測試黃金價格 API...
2025-07-23 12:53:17,147 - __main__ - INFO - ✅ 黃金價格 API 連接正常
2025-07-23 12:55:14,585 - __main__ - INFO - 📨 收到 N8N 原始資料大小: 213 字元
2025-07-23 12:55:14,586 - __main__ - INFO - 📨 收到 N8N 資料: [{"average_sentiment_score": -0.17, "message": {"content": "今日市場概述：黃金期貨因美國美元走弱和市場對降息的期待而反彈，價格觸及本月新高，交投於每盎司$3,410.70。全球經濟不確定性和即將公布的美國經濟數據促使投資者尋求黃金的避險需求。儘管美國經濟數據穩健打壓降息預期，市場仍在關注貿易談判進展和歐洲央行的政策決定，分析師預測金價可能在狹窄範圍內波動。"}}]...
2025-07-23 12:55:14,587 - __main__ - INFO - ✅ 處理陣列格式數據，取第一個元素
2025-07-23 12:55:14,587 - __main__ - INFO - 📊 數據欄位: ['average_sentiment_score', 'message']
2025-07-23 12:55:14,587 - __main__ - INFO - ✅ 成功處理 N8N 資料:
2025-07-23 12:55:14,588 - __main__ - INFO -    情感分數: -0.17
2025-07-23 12:55:14,588 - __main__ - INFO -    內容長度: 0 字元
2025-07-23 12:55:14,589 - __main__ - INFO -    市場日期: 2025年07月23日
2025-07-23 12:55:14,589 - __main__ - INFO -    信心水平: 未知
2025-07-23 12:55:14,589 - __main__ - INFO -    趨勢方向: 未知
2025-07-23 12:55:14,590 - __main__ - INFO -    風險評估: 未知
2025-07-23 12:55:14,590 - __main__ - INFO -    接收時間: 2025-07-23 12:55:14
2025-07-23 12:55:23,104 - __main__ - INFO - 📤 API 請求 /api/current-data
2025-07-23 12:55:23,104 - __main__ - INFO - 📊 當前儲存數據狀態: 有數據
2025-07-23 12:55:23,105 - __main__ - INFO - 📊 數據詳情:
2025-07-23 12:55:23,105 - __main__ - INFO -    情感分數: -0.17
2025-07-23 12:55:23,106 - __main__ - INFO -    內容長度: 0 字元
2025-07-23 12:55:23,107 - __main__ - INFO -    接收時間: 2025-07-23 12:55:14
2025-07-23 12:55:23,107 - __main__ - INFO - 📅 數據年齡: 0.1 分鐘
2025-07-23 12:55:23,108 - __main__ - INFO - ✅ 回傳數據: 11 個欄位
2025-07-23 12:56:06,665 - __main__ - INFO - 📤 API 請求 /api/current-data
2025-07-23 12:56:06,665 - __main__ - INFO - 📊 當前儲存數據狀態: 有數據
2025-07-23 12:56:06,666 - __main__ - INFO - 📊 數據詳情:
2025-07-23 12:56:06,666 - __main__ - INFO -    情感分數: -0.17
2025-07-23 12:56:06,666 - __main__ - INFO -    內容長度: 0 字元
2025-07-23 12:56:06,667 - __main__ - INFO -    接收時間: 2025-07-23 12:55:14
2025-07-23 12:56:06,667 - __main__ - INFO - 📅 數據年齡: 0.9 分鐘
2025-07-23 12:56:06,668 - __main__ - INFO - ✅ 回傳數據: 11 個欄位
2025-07-23 12:56:58,545 - __main__ - INFO - 🚀 市場分析系統啟動 - 修正版
2025-07-23 12:56:58,547 - __main__ - INFO - 📡 N8N Webhook: https://beloved-swine-sensibly.ngrok-free.app/webhook/Webhook%20-%20Preview
2025-07-23 12:56:58,547 - __main__ - INFO - 🌐 主網站: http://0.0.0.0:8089
2025-07-23 12:56:58,548 - __main__ - INFO - 📧 郵件頁面: http://0.0.0.0:8089/mail
2025-07-23 12:56:58,548 - __main__ - INFO - 📖 API文檔: http://0.0.0.0:8089/api/docs
2025-07-23 12:56:58,548 - __main__ - INFO - 🔍 測試黃金價格 API...
2025-07-23 12:56:59,103 - __main__ - INFO - ✅ 黃金價格 API 連接正常
2025-07-23 12:57:20,861 - __main__ - INFO - 📨 收到 N8N 原始資料大小: 213 字元
2025-07-23 12:57:20,862 - __main__ - INFO - 📨 收到 N8N 資料: [{"average_sentiment_score": -0.17, "message": {"content": "今日市場概述：黃金期貨因美國美元走弱和市場對降息的期待而反彈，價格觸及本月新高，交投於每盎司$3,410.70。全球經濟不確定性和即將公布的美國經濟數據促使投資者尋求黃金的避險需求。儘管美國經濟數據穩健打壓降息預期，市場仍在關注貿易談判進展和歐洲央行的政策決定，分析師預測金價可能在狹窄範圍內波動。"}}]...
2025-07-23 12:57:20,862 - __main__ - INFO - ✅ 處理陣列格式數據，取第一個元素
2025-07-23 12:57:20,863 - __main__ - INFO - 📊 數據欄位: ['average_sentiment_score', 'message']
2025-07-23 12:57:20,863 - __main__ - INFO - ✅ 成功處理 N8N 資料:
2025-07-23 12:57:20,864 - __main__ - INFO -    情感分數: -0.17
2025-07-23 12:57:20,864 - __main__ - INFO -    內容長度: 0 字元
2025-07-23 12:57:20,865 - __main__ - INFO -    市場日期: 2025年07月23日
2025-07-23 12:57:20,865 - __main__ - INFO -    信心水平: 未知
2025-07-23 12:57:20,865 - __main__ - INFO -    趨勢方向: 未知
2025-07-23 12:57:20,866 - __main__ - INFO -    風險評估: 未知
2025-07-23 12:57:20,866 - __main__ - INFO -    接收時間: 2025-07-23 12:57:20
2025-07-23 12:57:22,728 - __main__ - INFO - 📤 API 請求 /api/current-data
2025-07-23 12:57:22,729 - __main__ - INFO - 📊 當前儲存數據狀態: 有數據
2025-07-23 12:57:22,729 - __main__ - INFO - 📊 數據詳情:
2025-07-23 12:57:22,730 - __main__ - INFO -    情感分數: -0.17
2025-07-23 12:57:22,730 - __main__ - INFO -    內容長度: 0 字元
2025-07-23 12:57:22,730 - __main__ - INFO -    接收時間: 2025-07-23 12:57:20
2025-07-23 12:57:22,731 - __main__ - INFO - 📅 數據年齡: 0.0 分鐘
2025-07-23 12:57:22,731 - __main__ - INFO - ✅ 回傳數據: 11 個欄位
2025-07-23 12:57:54,935 - __main__ - INFO - 🚀 市場分析系統啟動 - 修正版
2025-07-23 12:57:54,937 - __main__ - INFO - 📡 N8N Webhook: https://beloved-swine-sensibly.ngrok-free.app/webhook/Webhook%20-%20Preview
2025-07-23 12:57:54,937 - __main__ - INFO - 🌐 主網站: http://0.0.0.0:8089
2025-07-23 12:57:54,938 - __main__ - INFO - 📧 郵件頁面: http://0.0.0.0:8089/mail
2025-07-23 12:57:54,938 - __main__ - INFO - 📖 API文檔: http://0.0.0.0:8089/api/docs
2025-07-23 12:57:54,938 - __main__ - INFO - 🔍 測試黃金價格 API...
2025-07-23 12:57:55,770 - __main__ - INFO - ✅ 黃金價格 API 連接正常
2025-07-23 12:58:25,380 - __main__ - INFO - 📨 收到 N8N 原始資料大小: 213 字元
2025-07-23 12:58:25,381 - __main__ - INFO - 📨 收到 N8N 資料: [{"average_sentiment_score": -0.17, "message": {"content": "今日市場概述：黃金期貨因美國美元走弱和市場對降息的期待而反彈，價格觸及本月新高，交投於每盎司$3,410.70。全球經濟不確定性和即將公布的美國經濟數據促使投資者尋求黃金的避險需求。儘管美國經濟數據穩健打壓降息預期，市場仍在關注貿易談判進展和歐洲央行的政策決定，分析師預測金價可能在狹窄範圍內波動。"}}]...
2025-07-23 12:58:25,382 - __main__ - INFO - ✅ 處理陣列格式數據，取第一個元素
2025-07-23 12:58:25,382 - __main__ - INFO - 📊 數據欄位: ['average_sentiment_score', 'message']
2025-07-23 12:58:25,383 - __main__ - INFO - ✅ 成功處理 N8N 資料:
2025-07-23 12:58:25,383 - __main__ - INFO -    情感分數: -0.17
2025-07-23 12:58:25,384 - __main__ - INFO -    內容長度: 0 字元
2025-07-23 12:58:25,384 - __main__ - INFO -    市場日期: 2025年07月23日
2025-07-23 12:58:25,385 - __main__ - INFO -    信心水平: 未知
2025-07-23 12:58:25,385 - __main__ - INFO -    趨勢方向: 未知
2025-07-23 12:58:25,386 - __main__ - INFO -    風險評估: 未知
2025-07-23 12:58:25,390 - __main__ - INFO -    接收時間: 2025-07-23 12:58:25
2025-07-23 12:58:29,557 - __main__ - INFO - 📤 API 請求 /api/current-data
2025-07-23 12:58:29,558 - __main__ - INFO - 📊 當前儲存數據狀態: 有數據
2025-07-23 12:58:29,558 - __main__ - INFO - 📊 數據詳情:
2025-07-23 12:58:29,559 - __main__ - INFO -    情感分數: -0.17
2025-07-23 12:58:29,559 - __main__ - INFO -    內容長度: 0 字元
2025-07-23 12:58:29,560 - __main__ - INFO -    接收時間: 2025-07-23 12:58:25
2025-07-23 12:58:29,560 - __main__ - INFO - 📅 數據年齡: 0.1 分鐘
2025-07-23 12:58:29,561 - __main__ - INFO - ✅ 回傳數據: 11 個欄位
2025-07-23 12:58:30,700 - __main__ - INFO - 📤 API 請求 /api/current-data
2025-07-23 12:58:30,701 - __main__ - INFO - 📊 當前儲存數據狀態: 有數據
2025-07-23 12:58:30,701 - __main__ - INFO - 📊 數據詳情:
2025-07-23 12:58:30,702 - __main__ - INFO -    情感分數: -0.17
2025-07-23 12:58:30,702 - __main__ - INFO -    內容長度: 0 字元
2025-07-23 12:58:30,702 - __main__ - INFO -    接收時間: 2025-07-23 12:58:25
2025-07-23 12:58:30,703 - __main__ - INFO - 📅 數據年齡: 0.1 分鐘
2025-07-23 12:58:30,703 - __main__ - INFO - ✅ 回傳數據: 11 個欄位
2025-07-23 12:58:31,644 - __main__ - INFO - 📤 API 請求 /api/current-data
2025-07-23 12:58:31,645 - __main__ - INFO - 📊 當前儲存數據狀態: 有數據
2025-07-23 12:58:31,646 - __main__ - INFO - 📊 數據詳情:
2025-07-23 12:58:31,646 - __main__ - INFO -    情感分數: -0.17
2025-07-23 12:58:31,647 - __main__ - INFO -    內容長度: 0 字元
2025-07-23 12:58:31,647 - __main__ - INFO -    接收時間: 2025-07-23 12:58:25
2025-07-23 12:58:31,648 - __main__ - INFO - 📅 數據年齡: 0.1 分鐘
2025-07-23 12:58:31,648 - __main__ - INFO - ✅ 回傳數據: 11 個欄位
2025-07-23 13:01:13,501 - __main__ - INFO - 🚀 市場分析系統啟動 - 修正版
2025-07-23 13:01:13,503 - __main__ - INFO - 📡 N8N Webhook: https://beloved-swine-sensibly.ngrok-free.app/webhook/Webhook%20-%20Preview
2025-07-23 13:01:13,504 - __main__ - INFO - 🌐 主網站: http://0.0.0.0:8089
2025-07-23 13:01:13,504 - __main__ - INFO - 📧 郵件頁面: http://0.0.0.0:8089/mail
2025-07-23 13:01:13,504 - __main__ - INFO - 📖 API文檔: http://0.0.0.0:8089/api/docs
2025-07-23 13:01:13,505 - __main__ - INFO - 🔍 測試黃金價格 API...
2025-07-23 13:01:14,057 - __main__ - INFO - ✅ 黃金價格 API 連接正常
2025-07-23 13:01:26,663 - __main__ - INFO - 📨 收到 N8N 原始資料大小: 213 字元
2025-07-23 13:01:26,663 - __main__ - INFO - 📨 收到 N8N 資料: [{"average_sentiment_score": -0.17, "message": {"content": "今日市場概述：黃金期貨因美國美元走弱和市場對降息的期待而反彈，價格觸及本月新高，交投於每盎司$3,410.70。全球經濟不確定性和即將公布的美國經濟數據促使投資者尋求黃金的避險需求。儘管美國經濟數據穩健打壓降息預期，市場仍在關注貿易談判進展和歐洲央行的政策決定，分析師預測金價可能在狹窄範圍內波動。"}}]...
2025-07-23 13:01:26,664 - __main__ - INFO - ✅ 處理陣列格式數據，取第一個元素
2025-07-23 13:01:26,664 - __main__ - INFO - 📊 數據欄位: ['average_sentiment_score', 'message']
2025-07-23 13:01:26,665 - __main__ - INFO - ✅ 成功處理 N8N 資料:
2025-07-23 13:01:26,665 - __main__ - INFO -    情感分數: -0.17
2025-07-23 13:01:26,665 - __main__ - INFO -    內容長度: 0 字元
2025-07-23 13:01:26,666 - __main__ - INFO -    市場日期: 2025年07月23日
2025-07-23 13:01:26,666 - __main__ - INFO -    信心水平: 未知
2025-07-23 13:01:26,666 - __main__ - INFO -    趨勢方向: 未知
2025-07-23 13:01:26,667 - __main__ - INFO -    風險評估: 未知
2025-07-23 13:01:26,667 - __main__ - INFO -    接收時間: 2025-07-23 13:01:26
2025-07-23 13:01:32,078 - __main__ - INFO - 📤 API 請求 /api/current-data
2025-07-23 13:01:32,078 - __main__ - INFO - 📊 當前儲存數據狀態: 有數據
2025-07-23 13:01:32,079 - __main__ - INFO - 📊 數據詳情:
2025-07-23 13:01:32,079 - __main__ - INFO -    情感分數: -0.17
2025-07-23 13:01:32,080 - __main__ - INFO -    內容長度: 0 字元
2025-07-23 13:01:32,081 - __main__ - INFO -    接收時間: 2025-07-23 13:01:26
2025-07-23 13:01:32,081 - __main__ - INFO - 📅 數據年齡: 0.1 分鐘
2025-07-23 13:01:32,081 - __main__ - INFO - ✅ 回傳數據: 11 個欄位
2025-07-23 13:03:11,975 - __main__ - INFO - 📤 API 請求 /api/current-data
2025-07-23 13:03:11,976 - __main__ - INFO - 📊 當前儲存數據狀態: 有數據
2025-07-23 13:03:11,977 - __main__ - INFO - 📊 數據詳情:
2025-07-23 13:03:11,977 - __main__ - INFO -    情感分數: -0.17
2025-07-23 13:03:11,978 - __main__ - INFO -    內容長度: 0 字元
2025-07-23 13:03:11,979 - __main__ - INFO -    接收時間: 2025-07-23 13:01:26
2025-07-23 13:03:11,979 - __main__ - INFO - 📅 數據年齡: 1.8 分鐘
2025-07-23 13:03:11,980 - __main__ - INFO - ✅ 回傳數據: 11 個欄位
2025-07-23 13:18:15,427 - __main__ - INFO - 🚀 市場分析系統啟動 - 修正版
2025-07-23 13:18:15,429 - __main__ - INFO - 📡 N8N Webhook: https://beloved-swine-sensibly.ngrok-free.app/webhook/Webhook%20-%20Preview
2025-07-23 13:18:15,430 - __main__ - INFO - 🌐 主網站: http://0.0.0.0:8089
2025-07-23 13:18:15,430 - __main__ - INFO - 📧 郵件頁面: http://0.0.0.0:8089/mail
2025-07-23 13:18:15,430 - __main__ - INFO - 📖 API文檔: http://0.0.0.0:8089/api/docs
2025-07-23 13:18:15,431 - __main__ - INFO - 🔍 測試黃金價格 API...
2025-07-23 13:18:15,970 - __main__ - INFO - ✅ 黃金價格 API 連接正常
2025-07-23 13:18:23,373 - __main__ - INFO - 📤 API 請求 /api/current-data
2025-07-23 13:18:23,374 - __main__ - INFO - 📊 當前儲存數據狀態: 無數據
2025-07-23 13:18:23,374 - __main__ - INFO - ✅ 回傳數據: 0 個欄位
2025-07-23 13:18:23,382 - __main__ - INFO - 🔍 開始獲取黃金期貨數據
2025-07-23 13:18:23,383 - __main__ - INFO -    期間: 1y
2025-07-23 13:18:23,383 - __main__ - INFO -    間隔: 1d
2025-07-23 13:18:23,384 - __main__ - INFO -    請求時間: 2025-07-23 13:18:23
2025-07-23 13:18:23,384 - __main__ - INFO - 🕐 時間範圍: 2024-07-23 至 2025-07-23
2025-07-23 13:18:23,385 - __main__ - INFO - 📊 正在獲取歷史數據...
2025-07-23 13:18:23,484 - __main__ - INFO - 📊 獲取到 252 筆歷史數據
2025-07-23 13:18:23,485 - __main__ - INFO - 🔄 正在獲取當天詳細數據...
2025-07-23 13:18:23,675 - __main__ - INFO - 📊 今日數據: 69 筆，最新價格: $3435.20
2025-07-23 13:18:23,676 - __main__ - INFO - ✅ 已添加今日數據
2025-07-23 13:18:23,677 - __main__ - INFO - ✅ 當天數據處理完成，最新時間: 2025-07-23 01:08
2025-07-23 13:18:23,939 - __main__ - INFO - 📋 獲取市場資訊: N/A
2025-07-23 13:18:23,940 - __main__ - INFO - ✅ 數據獲取完成:
2025-07-23 13:18:23,940 - __main__ - INFO -    最終數據點數: 253
2025-07-23 13:18:23,941 - __main__ - INFO -    最新價格: $3435.20
2025-07-23 13:18:23,941 - __main__ - INFO -    最後更新: 2025-07-23 00:00
2025-07-23 13:18:23,942 - __main__ - INFO - ✅ 成功獲取黃金數據:
2025-07-23 13:18:23,942 - __main__ - INFO -    數據點數量: 253
2025-07-23 13:18:23,943 - __main__ - INFO -    日期範圍: 2024-07-23 到 2025-07-23
2025-07-23 13:18:23,944 - __main__ - INFO - 📊 統計計算完成: 當前=$3435.20, 變化=+1030.60
2025-07-23 13:18:23,945 - __main__ - INFO - 💰 價格統計:
2025-07-23 13:18:23,945 - __main__ - INFO -    當前價格: $3435.20
2025-07-23 13:18:23,945 - __main__ - INFO -    價格變化: $+1030.60 (+42.86%)
2025-07-23 13:18:23,946 - __main__ - INFO -    價格範圍: $2351.90 - $3439.20
2025-07-23 13:18:23,946 - __main__ - INFO -    平均價格: $2877.94
2025-07-23 13:18:23,947 - __main__ - INFO -    波動率: 320.95
2025-07-23 13:18:23,956 - __main__ - INFO - 📊 圖表數據:
2025-07-23 13:18:23,957 - __main__ - INFO -    有效數據點: 253
2025-07-23 13:18:23,958 - __main__ - INFO -    價格範圍: $2351.90 - $3439.20
2025-07-23 13:18:23,959 - __main__ - INFO - 📈 技術指標計算完成: 5 個指標
2025-07-23 13:18:23,960 - __main__ - INFO - 📈 技術指標: ['ma_20', 'ma_50', 'rsi', 'volatility_5d', 'price_vs_ma20']
2025-07-23 13:18:23,960 - __main__ - INFO - 🏪 市場狀態: open
2025-07-23 13:18:23,962 - __main__ - INFO - ✅ 成功回傳黃金價格數據:
2025-07-23 13:18:23,964 - __main__ - INFO -    回應大小: 38099 字元
2025-07-23 13:18:23,966 - __main__ - INFO -    圖表數據點: 253
2025-07-23 13:18:27,980 - __main__ - INFO - 📤 API 請求 /api/current-data
2025-07-23 13:18:27,981 - __main__ - INFO - 📊 當前儲存數據狀態: 無數據
2025-07-23 13:18:27,982 - __main__ - INFO - ✅ 回傳數據: 0 個欄位
2025-07-23 13:18:29,086 - __main__ - INFO - 📤 API 請求 /api/current-data
2025-07-23 13:18:29,087 - __main__ - INFO - 📊 當前儲存數據狀態: 無數據
2025-07-23 13:18:29,087 - __main__ - INFO - ✅ 回傳數據: 0 個欄位
2025-07-23 13:18:40,946 - __main__ - INFO - 📨 收到 N8N 原始資料大小: 213 字元
2025-07-23 13:18:40,947 - __main__ - INFO - 📨 收到 N8N 資料: [{"average_sentiment_score": -0.17, "message": {"content": "今日市場概述：黃金期貨因美國美元走弱和市場對降息的期待而反彈，價格觸及本月新高，交投於每盎司$3,410.70。全球經濟不確定性和即將公布的美國經濟數據促使投資者尋求黃金的避險需求。儘管美國經濟數據穩健打壓降息預期，市場仍在關注貿易談判進展和歐洲央行的政策決定，分析師預測金價可能在狹窄範圍內波動。"}}]...
2025-07-23 13:18:40,948 - __main__ - INFO - ✅ 處理陣列格式數據，取第一個元素
2025-07-23 13:18:40,948 - __main__ - INFO - 📊 數據欄位: ['average_sentiment_score', 'message']
2025-07-23 13:18:40,949 - __main__ - INFO - ✅ 成功處理 N8N 資料:
2025-07-23 13:18:40,949 - __main__ - INFO -    情感分數: -0.17
2025-07-23 13:18:40,950 - __main__ - INFO -    內容長度: 0 字元
2025-07-23 13:18:40,950 - __main__ - INFO -    市場日期: 2025年07月23日
2025-07-23 13:18:40,951 - __main__ - INFO -    信心水平: 未知
2025-07-23 13:18:40,951 - __main__ - INFO -    趨勢方向: 未知
2025-07-23 13:18:40,952 - __main__ - INFO -    風險評估: 未知
2025-07-23 13:18:40,952 - __main__ - INFO -    接收時間: 2025-07-23 13:18:40
2025-07-23 13:18:44,742 - __main__ - INFO - 📤 API 請求 /api/current-data
2025-07-23 13:18:44,742 - __main__ - INFO - 📊 當前儲存數據狀態: 有數據
2025-07-23 13:18:44,743 - __main__ - INFO - 📊 數據詳情:
2025-07-23 13:18:44,743 - __main__ - INFO -    情感分數: -0.17
2025-07-23 13:18:44,744 - __main__ - INFO -    內容長度: 0 字元
2025-07-23 13:18:44,744 - __main__ - INFO -    接收時間: 2025-07-23 13:18:40
2025-07-23 13:18:44,745 - __main__ - INFO - 📅 數據年齡: 0.1 分鐘
2025-07-23 13:18:44,745 - __main__ - INFO - ✅ 回傳數據: 11 個欄位
2025-07-23 13:18:49,574 - __main__ - INFO - 📤 API 請求 /api/current-data
2025-07-23 13:18:49,574 - __main__ - INFO - 📊 當前儲存數據狀態: 有數據
2025-07-23 13:18:49,575 - __main__ - INFO - 📊 數據詳情:
2025-07-23 13:18:49,575 - __main__ - INFO -    情感分數: -0.17
2025-07-23 13:18:49,576 - __main__ - INFO -    內容長度: 0 字元
2025-07-23 13:18:49,576 - __main__ - INFO -    接收時間: 2025-07-23 13:18:40
2025-07-23 13:18:49,577 - __main__ - INFO - 📅 數據年齡: 0.1 分鐘
2025-07-23 13:18:49,577 - __main__ - INFO - ✅ 回傳數據: 11 個欄位
2025-07-23 13:18:53,208 - __main__ - INFO - 📤 API 請求 /api/current-data
2025-07-23 13:18:53,209 - __main__ - INFO - 📊 當前儲存數據狀態: 有數據
2025-07-23 13:18:53,209 - __main__ - INFO - 📊 數據詳情:
2025-07-23 13:18:53,210 - __main__ - INFO -    情感分數: -0.17
2025-07-23 13:18:53,210 - __main__ - INFO -    內容長度: 0 字元
2025-07-23 13:18:53,211 - __main__ - INFO -    接收時間: 2025-07-23 13:18:40
2025-07-23 13:18:53,211 - __main__ - INFO - 📅 數據年齡: 0.2 分鐘
2025-07-23 13:18:53,211 - __main__ - INFO - ✅ 回傳數據: 11 個欄位
2025-07-23 13:19:04,142 - __main__ - INFO - 📤 API 請求 /api/current-data
2025-07-23 13:19:04,143 - __main__ - INFO - 📊 當前儲存數據狀態: 有數據
2025-07-23 13:19:04,144 - __main__ - INFO - 📊 數據詳情:
2025-07-23 13:19:04,144 - __main__ - INFO -    情感分數: -0.17
2025-07-23 13:19:04,145 - __main__ - INFO -    內容長度: 0 字元
2025-07-23 13:19:04,146 - __main__ - INFO -    接收時間: 2025-07-23 13:18:40
2025-07-23 13:19:04,146 - __main__ - INFO - 📅 數據年齡: 0.4 分鐘
2025-07-23 13:19:04,147 - __main__ - INFO - ✅ 回傳數據: 11 個欄位
2025-07-23 13:19:04,150 - __main__ - INFO - 🔍 開始獲取黃金期貨數據
2025-07-23 13:19:04,151 - __main__ - INFO -    期間: 1y
2025-07-23 13:19:04,151 - __main__ - INFO -    間隔: 1d
2025-07-23 13:19:04,152 - __main__ - INFO -    請求時間: 2025-07-23 13:19:04
2025-07-23 13:19:04,153 - __main__ - INFO - 🕐 時間範圍: 2024-07-23 至 2025-07-23
2025-07-23 13:19:04,154 - __main__ - INFO - 📊 正在獲取歷史數據...
2025-07-23 13:19:04,169 - __main__ - INFO - 📊 獲取到 252 筆歷史數據
2025-07-23 13:19:04,170 - __main__ - INFO - 🔄 正在獲取當天詳細數據...
2025-07-23 13:19:04,369 - __main__ - INFO - 📊 今日數據: 69 筆，最新價格: $3435.00
2025-07-23 13:19:04,371 - __main__ - INFO - ✅ 已添加今日數據
2025-07-23 13:19:04,372 - __main__ - INFO - ✅ 當天數據處理完成，最新時間: 2025-07-23 01:08
2025-07-23 13:19:04,549 - __main__ - INFO - 📋 獲取市場資訊: N/A
2025-07-23 13:19:04,550 - __main__ - INFO - ✅ 數據獲取完成:
2025-07-23 13:19:04,551 - __main__ - INFO -    最終數據點數: 253
2025-07-23 13:19:04,552 - __main__ - INFO -    最新價格: $3435.00
2025-07-23 13:19:04,553 - __main__ - INFO -    最後更新: 2025-07-23 00:00
2025-07-23 13:19:04,553 - __main__ - INFO - ✅ 成功獲取黃金數據:
2025-07-23 13:19:04,554 - __main__ - INFO -    數據點數量: 253
2025-07-23 13:19:04,554 - __main__ - INFO -    日期範圍: 2024-07-23 到 2025-07-23
2025-07-23 13:19:04,556 - __main__ - INFO - 📊 統計計算完成: 當前=$3435.00, 變化=+1030.40
2025-07-23 13:19:04,557 - __main__ - INFO - 💰 價格統計:
2025-07-23 13:19:04,558 - __main__ - INFO -    當前價格: $3435.00
2025-07-23 13:19:04,558 - __main__ - INFO -    價格變化: $+1030.40 (+42.85%)
2025-07-23 13:19:04,559 - __main__ - INFO -    價格範圍: $2351.90 - $3439.20
2025-07-23 13:19:04,560 - __main__ - INFO -    平均價格: $2877.94
2025-07-23 13:19:04,561 - __main__ - INFO -    波動率: 320.94
2025-07-23 13:19:04,572 - __main__ - INFO - 📊 圖表數據:
2025-07-23 13:19:04,573 - __main__ - INFO -    有效數據點: 253
2025-07-23 13:19:04,574 - __main__ - INFO -    價格範圍: $2351.90 - $3439.20
2025-07-23 13:19:04,576 - __main__ - INFO - 📈 技術指標計算完成: 5 個指標
2025-07-23 13:19:04,577 - __main__ - INFO - 📈 技術指標: ['ma_20', 'ma_50', 'rsi', 'volatility_5d', 'price_vs_ma20']
2025-07-23 13:19:04,578 - __main__ - INFO - 🏪 市場狀態: open
2025-07-23 13:19:04,579 - __main__ - INFO - ✅ 成功回傳黃金價格數據:
2025-07-23 13:19:04,581 - __main__ - INFO -    回應大小: 38098 字元
2025-07-23 13:19:04,581 - __main__ - INFO -    圖表數據點: 253
2025-07-23 13:19:30,493 - __main__ - INFO - 🔍 開始獲取黃金期貨數據
2025-07-23 13:19:30,495 - __main__ - INFO -    期間: 5d
2025-07-23 13:19:30,495 - __main__ - INFO -    間隔: 1d
2025-07-23 13:19:30,496 - __main__ - INFO -    請求時間: 2025-07-23 13:19:30
2025-07-23 13:19:30,496 - __main__ - INFO - 🕐 時間範圍: 2025-07-18 至 2025-07-23
2025-07-23 13:19:30,497 - __main__ - INFO - 📊 正在獲取歷史數據...
2025-07-23 13:19:30,595 - __main__ - INFO - 📊 獲取到 3 筆歷史數據
2025-07-23 13:19:30,596 - __main__ - INFO - 🔄 正在獲取當天詳細數據...
2025-07-23 13:19:30,787 - __main__ - INFO - 📊 今日數據: 70 筆，最新價格: $3435.10
2025-07-23 13:19:30,790 - __main__ - INFO - ✅ 已添加今日數據
2025-07-23 13:19:30,792 - __main__ - INFO - ✅ 當天數據處理完成，最新時間: 2025-07-23 01:09
2025-07-23 13:19:30,977 - __main__ - INFO - 📋 獲取市場資訊: N/A
2025-07-23 13:19:30,978 - __main__ - INFO - ✅ 數據獲取完成:
2025-07-23 13:19:30,979 - __main__ - INFO -    最終數據點數: 4
2025-07-23 13:19:30,979 - __main__ - INFO -    最新價格: $3435.10
2025-07-23 13:19:30,980 - __main__ - INFO -    最後更新: 2025-07-23 00:00
2025-07-23 13:19:30,981 - __main__ - INFO - ✅ 成功獲取黃金數據:
2025-07-23 13:19:30,982 - __main__ - INFO -    數據點數量: 4
2025-07-23 13:19:30,983 - __main__ - INFO -    日期範圍: 2025-07-18 到 2025-07-23
2025-07-23 13:19:30,984 - __main__ - INFO - 📊 統計計算完成: 當前=$3435.10, 變化=+82.10
2025-07-23 13:19:30,985 - __main__ - INFO - 💰 價格統計:
2025-07-23 13:19:30,985 - __main__ - INFO -    當前價格: $3435.10
2025-07-23 13:19:30,986 - __main__ - INFO -    價格變化: $+82.10 (+2.45%)
2025-07-23 13:19:30,986 - __main__ - INFO -    價格範圍: $3353.00 - $3439.20
2025-07-23 13:19:30,987 - __main__ - INFO -    平均價格: $3407.30
2025-07-23 13:19:30,987 - __main__ - INFO -    波動率: 39.87
2025-07-23 13:19:30,988 - __main__ - INFO - 📊 圖表數據:
2025-07-23 13:19:30,989 - __main__ - INFO -    有效數據點: 4
2025-07-23 13:19:30,990 - __main__ - INFO -    價格範圍: $3353.00 - $3439.20
2025-07-23 13:19:30,991 - __main__ - INFO - 📈 技術指標計算完成: 0 個指標
2025-07-23 13:19:30,992 - __main__ - INFO - 📈 技術指標: []
2025-07-23 13:19:30,992 - __main__ - INFO - 🏪 市場狀態: open
2025-07-23 13:19:30,994 - __main__ - INFO - ✅ 成功回傳黃金價格數據:
2025-07-23 13:19:30,995 - __main__ - INFO -    回應大小: 1424 字元
2025-07-23 13:19:30,995 - __main__ - INFO -    圖表數據點: 4
2025-07-23 13:19:33,956 - __main__ - INFO - 🔍 開始獲取黃金期貨數據
2025-07-23 13:19:33,957 - __main__ - INFO -    期間: 1y
2025-07-23 13:19:33,957 - __main__ - INFO -    間隔: 1d
2025-07-23 13:19:33,958 - __main__ - INFO -    請求時間: 2025-07-23 13:19:33
2025-07-23 13:19:33,959 - __main__ - INFO - 🕐 時間範圍: 2024-07-23 至 2025-07-23
2025-07-23 13:19:33,960 - __main__ - INFO - 📊 正在獲取歷史數據...
2025-07-23 13:19:33,970 - __main__ - INFO - 📊 獲取到 252 筆歷史數據
2025-07-23 13:19:33,971 - __main__ - INFO - 🔄 正在獲取當天詳細數據...
2025-07-23 13:19:34,031 - __main__ - INFO - 📊 今日數據: 70 筆，最新價格: $3435.10
2025-07-23 13:19:34,034 - __main__ - INFO - ✅ 已添加今日數據
2025-07-23 13:19:34,034 - __main__ - INFO - ✅ 當天數據處理完成，最新時間: 2025-07-23 01:09
2025-07-23 13:19:34,306 - __main__ - INFO - 📋 獲取市場資訊: N/A
2025-07-23 13:19:34,307 - __main__ - INFO - ✅ 數據獲取完成:
2025-07-23 13:19:34,309 - __main__ - INFO -    最終數據點數: 253
2025-07-23 13:19:34,309 - __main__ - INFO -    最新價格: $3435.10
2025-07-23 13:19:34,310 - __main__ - INFO -    最後更新: 2025-07-23 00:00
2025-07-23 13:19:34,311 - __main__ - INFO - ✅ 成功獲取黃金數據:
2025-07-23 13:19:34,312 - __main__ - INFO -    數據點數量: 253
2025-07-23 13:19:34,312 - __main__ - INFO -    日期範圍: 2024-07-23 到 2025-07-23
2025-07-23 13:19:34,313 - __main__ - INFO - 📊 統計計算完成: 當前=$3435.10, 變化=+1030.50
2025-07-23 13:19:34,314 - __main__ - INFO - 💰 價格統計:
2025-07-23 13:19:34,315 - __main__ - INFO -    當前價格: $3435.10
2025-07-23 13:19:34,315 - __main__ - INFO -    價格變化: $+1030.50 (+42.86%)
2025-07-23 13:19:34,316 - __main__ - INFO -    價格範圍: $2351.90 - $3439.20
2025-07-23 13:19:34,317 - __main__ - INFO -    平均價格: $2877.94
2025-07-23 13:19:34,317 - __main__ - INFO -    波動率: 320.94
2025-07-23 13:19:34,327 - __main__ - INFO - 📊 圖表數據:
2025-07-23 13:19:34,328 - __main__ - INFO -    有效數據點: 253
2025-07-23 13:19:34,329 - __main__ - INFO -    價格範圍: $2351.90 - $3439.20
2025-07-23 13:19:34,332 - __main__ - INFO - 📈 技術指標計算完成: 5 個指標
2025-07-23 13:19:34,333 - __main__ - INFO - 📈 技術指標: ['ma_20', 'ma_50', 'rsi', 'volatility_5d', 'price_vs_ma20']
2025-07-23 13:19:34,333 - __main__ - INFO - 🏪 市場狀態: open
2025-07-23 13:19:34,334 - __main__ - INFO - ✅ 成功回傳黃金價格數據:
2025-07-23 13:19:34,335 - __main__ - INFO -    回應大小: 38110 字元
2025-07-23 13:19:34,335 - __main__ - INFO -    圖表數據點: 253
2025-07-23 13:21:42,238 - __main__ - INFO - 🚀 市場分析系統啟動 - 修正版
2025-07-23 13:21:42,240 - __main__ - INFO - 📡 N8N Webhook: https://beloved-swine-sensibly.ngrok-free.app/webhook/Webhook%20-%20Preview
2025-07-23 13:21:42,240 - __main__ - INFO - 🌐 主網站: http://0.0.0.0:8089
2025-07-23 13:21:42,241 - __main__ - INFO - 📧 郵件頁面: http://0.0.0.0:8089/mail
2025-07-23 13:21:42,241 - __main__ - INFO - 📖 API文檔: http://0.0.0.0:8089/api/docs
2025-07-23 13:21:42,241 - __main__ - INFO - 🔍 測試黃金價格 API...
2025-07-23 13:21:42,836 - __main__ - INFO - ✅ 黃金價格 API 連接正常
2025-07-23 13:21:49,289 - __main__ - INFO - 📤 API 請求 /api/current-data
2025-07-23 13:21:49,289 - __main__ - INFO - 📊 當前儲存數據狀態: 無數據
2025-07-23 13:21:49,290 - __main__ - INFO - ✅ 回傳數據: 0 個欄位
2025-07-23 13:21:49,297 - __main__ - INFO - 🔍 開始獲取黃金期貨數據
2025-07-23 13:21:49,297 - __main__ - INFO -    期間: 1y
2025-07-23 13:21:49,298 - __main__ - INFO -    間隔: 1d
2025-07-23 13:21:49,298 - __main__ - INFO -    請求時間: 2025-07-23 13:21:49
2025-07-23 13:21:49,299 - __main__ - INFO - 🕐 時間範圍: 2024-07-23 至 2025-07-23
2025-07-23 13:21:49,299 - __main__ - INFO - 📊 正在獲取歷史數據...
2025-07-23 13:21:49,400 - __main__ - INFO - 📊 獲取到 252 筆歷史數據
2025-07-23 13:21:49,402 - __main__ - INFO - 🔄 正在獲取當天詳細數據...
2025-07-23 13:21:49,530 - __main__ - INFO - 📊 今日數據: 72 筆，最新價格: $3434.80
2025-07-23 13:21:49,532 - __main__ - INFO - ✅ 已添加今日數據
2025-07-23 13:21:49,533 - __main__ - INFO - ✅ 當天數據處理完成，最新時間: 2025-07-23 01:11
2025-07-23 13:21:49,786 - __main__ - INFO - 📋 獲取市場資訊: N/A
2025-07-23 13:21:49,787 - __main__ - INFO - ✅ 數據獲取完成:
2025-07-23 13:21:49,787 - __main__ - INFO -    最終數據點數: 253
2025-07-23 13:21:49,788 - __main__ - INFO -    最新價格: $3434.80
2025-07-23 13:21:49,788 - __main__ - INFO -    最後更新: 2025-07-23 00:00
2025-07-23 13:21:49,789 - __main__ - INFO - ✅ 成功獲取黃金數據:
2025-07-23 13:21:49,789 - __main__ - INFO -    數據點數量: 253
2025-07-23 13:21:49,789 - __main__ - INFO -    日期範圍: 2024-07-23 到 2025-07-23
2025-07-23 13:21:49,790 - __main__ - INFO - 📊 統計計算完成: 當前=$3434.80, 變化=+1030.20
2025-07-23 13:21:49,790 - __main__ - INFO - 💰 價格統計:
2025-07-23 13:21:49,791 - __main__ - INFO -    當前價格: $3434.80
2025-07-23 13:21:49,791 - __main__ - INFO -    價格變化: $+1030.20 (+42.84%)
2025-07-23 13:21:49,792 - __main__ - INFO -    價格範圍: $2351.90 - $3439.20
2025-07-23 13:21:49,792 - __main__ - INFO -    平均價格: $2877.94
2025-07-23 13:21:49,792 - __main__ - INFO -    波動率: 320.94
2025-07-23 13:21:49,802 - __main__ - INFO - 📊 圖表數據:
2025-07-23 13:21:49,803 - __main__ - INFO -    有效數據點: 253
2025-07-23 13:21:49,803 - __main__ - INFO -    價格範圍: $2351.90 - $3439.20
2025-07-23 13:21:49,805 - __main__ - INFO - 📈 技術指標計算完成: 5 個指標
2025-07-23 13:21:49,805 - __main__ - INFO - 📈 技術指標: ['ma_20', 'ma_50', 'rsi', 'volatility_5d', 'price_vs_ma20']
2025-07-23 13:21:49,806 - __main__ - INFO - 🏪 市場狀態: open
2025-07-23 13:21:49,806 - __main__ - INFO - ✅ 成功回傳黃金價格數據:
2025-07-23 13:21:49,807 - __main__ - INFO -    回應大小: 38109 字元
2025-07-23 13:21:49,808 - __main__ - INFO -    圖表數據點: 253
2025-07-23 13:22:08,263 - __main__ - INFO - 📨 收到 N8N 原始資料大小: 213 字元
2025-07-23 13:22:08,264 - __main__ - INFO - 📨 收到 N8N 資料: [{"average_sentiment_score": -0.17, "message": {"content": "今日市場概述：黃金期貨因美國美元走弱和市場對降息的期待而反彈，價格觸及本月新高，交投於每盎司$3,410.70。全球經濟不確定性和即將公布的美國經濟數據促使投資者尋求黃金的避險需求。儘管美國經濟數據穩健打壓降息預期，市場仍在關注貿易談判進展和歐洲央行的政策決定，分析師預測金價可能在狹窄範圍內波動。"}}]...
2025-07-23 13:22:08,265 - __main__ - INFO - ✅ 處理陣列格式數據，取第一個元素
2025-07-23 13:22:08,266 - __main__ - INFO - 📊 數據欄位: ['average_sentiment_score', 'message']
2025-07-23 13:22:08,266 - __main__ - INFO - ✅ 成功處理 N8N 資料:
2025-07-23 13:22:08,267 - __main__ - INFO -    情感分數: -0.17
2025-07-23 13:22:08,267 - __main__ - INFO -    內容長度: 0 字元
2025-07-23 13:22:08,268 - __main__ - INFO -    市場日期: 2025年07月23日
2025-07-23 13:22:08,268 - __main__ - INFO -    信心水平: 未知
2025-07-23 13:22:08,269 - __main__ - INFO -    趨勢方向: 未知
2025-07-23 13:22:08,269 - __main__ - INFO -    風險評估: 未知
2025-07-23 13:22:08,270 - __main__ - INFO -    接收時間: 2025-07-23 13:22:08
2025-07-23 13:22:10,672 - __main__ - INFO - 📤 API 請求 /api/current-data
2025-07-23 13:22:10,673 - __main__ - INFO - 📊 當前儲存數據狀態: 有數據
2025-07-23 13:22:10,674 - __main__ - INFO - 📊 數據詳情:
2025-07-23 13:22:10,674 - __main__ - INFO -    情感分數: -0.17
2025-07-23 13:22:10,675 - __main__ - INFO -    內容長度: 0 字元
2025-07-23 13:22:10,676 - __main__ - INFO -    接收時間: 2025-07-23 13:22:08
2025-07-23 13:22:10,677 - __main__ - INFO - 📅 數據年齡: 0.0 分鐘
2025-07-23 13:22:10,678 - __main__ - INFO - ✅ 回傳數據: 11 個欄位
2025-07-23 13:22:10,680 - __main__ - INFO - 🔍 開始獲取黃金期貨數據
2025-07-23 13:22:10,681 - __main__ - INFO -    期間: 1y
2025-07-23 13:22:10,682 - __main__ - INFO -    間隔: 1d
2025-07-23 13:22:10,682 - __main__ - INFO -    請求時間: 2025-07-23 13:22:10
2025-07-23 13:22:10,683 - __main__ - INFO - 🕐 時間範圍: 2024-07-23 至 2025-07-23
2025-07-23 13:22:10,684 - __main__ - INFO - 📊 正在獲取歷史數據...
2025-07-23 13:22:10,701 - __main__ - INFO - 📊 獲取到 252 筆歷史數據
2025-07-23 13:22:10,702 - __main__ - INFO - 🔄 正在獲取當天詳細數據...
2025-07-23 13:22:10,900 - __main__ - INFO - 📊 今日數據: 73 筆，最新價格: $3435.00
2025-07-23 13:22:10,902 - __main__ - INFO - ✅ 已添加今日數據
2025-07-23 13:22:10,904 - __main__ - INFO - ✅ 當天數據處理完成，最新時間: 2025-07-23 01:12
2025-07-23 13:22:11,086 - __main__ - INFO - 📋 獲取市場資訊: N/A
2025-07-23 13:22:11,087 - __main__ - INFO - ✅ 數據獲取完成:
2025-07-23 13:22:11,088 - __main__ - INFO -    最終數據點數: 253
2025-07-23 13:22:11,089 - __main__ - INFO -    最新價格: $3435.00
2025-07-23 13:22:11,090 - __main__ - INFO -    最後更新: 2025-07-23 00:00
2025-07-23 13:22:11,090 - __main__ - INFO - ✅ 成功獲取黃金數據:
2025-07-23 13:22:11,091 - __main__ - INFO -    數據點數量: 253
2025-07-23 13:22:11,091 - __main__ - INFO -    日期範圍: 2024-07-23 到 2025-07-23
2025-07-23 13:22:11,092 - __main__ - INFO - 📊 統計計算完成: 當前=$3435.00, 變化=+1030.40
2025-07-23 13:22:11,092 - __main__ - INFO - 💰 價格統計:
2025-07-23 13:22:11,093 - __main__ - INFO -    當前價格: $3435.00
2025-07-23 13:22:11,093 - __main__ - INFO -    價格變化: $+1030.40 (+42.85%)
2025-07-23 13:22:11,094 - __main__ - INFO -    價格範圍: $2351.90 - $3439.20
2025-07-23 13:22:11,094 - __main__ - INFO -    平均價格: $2877.94
2025-07-23 13:22:11,095 - __main__ - INFO -    波動率: 320.94
2025-07-23 13:22:11,106 - __main__ - INFO - 📊 圖表數據:
2025-07-23 13:22:11,107 - __main__ - INFO -    有效數據點: 253
2025-07-23 13:22:11,107 - __main__ - INFO -    價格範圍: $2351.90 - $3439.20
2025-07-23 13:22:11,109 - __main__ - INFO - 📈 技術指標計算完成: 5 個指標
2025-07-23 13:22:11,109 - __main__ - INFO - 📈 技術指標: ['ma_20', 'ma_50', 'rsi', 'volatility_5d', 'price_vs_ma20']
2025-07-23 13:22:11,109 - __main__ - INFO - 🏪 市場狀態: open
2025-07-23 13:22:11,110 - __main__ - INFO - ✅ 成功回傳黃金價格數據:
2025-07-23 13:22:11,111 - __main__ - INFO -    回應大小: 38088 字元
2025-07-23 13:22:11,111 - __main__ - INFO -    圖表數據點: 253
2025-07-23 13:22:11,696 - __main__ - INFO - 📤 API 請求 /api/current-data
2025-07-23 13:22:11,697 - __main__ - INFO - 📊 當前儲存數據狀態: 有數據
2025-07-23 13:22:11,698 - __main__ - INFO - 📊 數據詳情:
2025-07-23 13:22:11,698 - __main__ - INFO -    情感分數: -0.17
2025-07-23 13:22:11,699 - __main__ - INFO -    內容長度: 0 字元
2025-07-23 13:22:11,699 - __main__ - INFO -    接收時間: 2025-07-23 13:22:08
2025-07-23 13:22:11,700 - __main__ - INFO - 📅 數據年齡: 0.1 分鐘
2025-07-23 13:22:11,700 - __main__ - INFO - ✅ 回傳數據: 11 個欄位
2025-07-23 13:22:12,415 - __main__ - INFO - 📤 API 請求 /api/current-data
2025-07-23 13:22:12,416 - __main__ - INFO - 📊 當前儲存數據狀態: 有數據
2025-07-23 13:22:12,416 - __main__ - INFO - 📊 數據詳情:
2025-07-23 13:22:12,417 - __main__ - INFO -    情感分數: -0.17
2025-07-23 13:22:12,418 - __main__ - INFO -    內容長度: 0 字元
2025-07-23 13:22:12,418 - __main__ - INFO -    接收時間: 2025-07-23 13:22:08
2025-07-23 13:22:12,418 - __main__ - INFO - 📅 數據年齡: 0.1 分鐘
2025-07-23 13:22:12,419 - __main__ - INFO - ✅ 回傳數據: 11 個欄位
2025-07-23 13:22:12,722 - __main__ - INFO - 📤 API 請求 /api/current-data
2025-07-23 13:22:12,723 - __main__ - INFO - 📊 當前儲存數據狀態: 有數據
2025-07-23 13:22:12,723 - __main__ - INFO - 📊 數據詳情:
2025-07-23 13:22:12,724 - __main__ - INFO -    情感分數: -0.17
2025-07-23 13:22:12,725 - __main__ - INFO -    內容長度: 0 字元
2025-07-23 13:22:12,726 - __main__ - INFO -    接收時間: 2025-07-23 13:22:08
2025-07-23 13:22:12,726 - __main__ - INFO - 📅 數據年齡: 0.1 分鐘
2025-07-23 13:22:12,726 - __main__ - INFO - ✅ 回傳數據: 11 個欄位
2025-07-23 13:22:13,006 - __main__ - INFO - 📤 API 請求 /api/current-data
2025-07-23 13:22:13,006 - __main__ - INFO - 📊 當前儲存數據狀態: 有數據
2025-07-23 13:22:13,007 - __main__ - INFO - 📊 數據詳情:
2025-07-23 13:22:13,007 - __main__ - INFO -    情感分數: -0.17
2025-07-23 13:22:13,008 - __main__ - INFO -    內容長度: 0 字元
2025-07-23 13:22:13,008 - __main__ - INFO -    接收時間: 2025-07-23 13:22:08
2025-07-23 13:22:13,009 - __main__ - INFO - 📅 數據年齡: 0.1 分鐘
2025-07-23 13:22:13,009 - __main__ - INFO - ✅ 回傳數據: 11 個欄位
2025-07-23 13:22:14,897 - __main__ - INFO - 📤 API 請求 /api/current-data
2025-07-23 13:22:14,897 - __main__ - INFO - 📊 當前儲存數據狀態: 有數據
2025-07-23 13:22:14,898 - __main__ - INFO - 📊 數據詳情:
2025-07-23 13:22:14,898 - __main__ - INFO -    情感分數: -0.17
2025-07-23 13:22:14,899 - __main__ - INFO -    內容長度: 0 字元
2025-07-23 13:22:14,899 - __main__ - INFO -    接收時間: 2025-07-23 13:22:08
2025-07-23 13:22:14,900 - __main__ - INFO - 📅 數據年齡: 0.1 分鐘
2025-07-23 13:22:14,900 - __main__ - INFO - ✅ 回傳數據: 11 個欄位
